{"C:\\Users\\ZDC\\Desktop\\my-mvvm-master\\my-mvvm-master\\src\\asyncUpdateQueue.ts": {"path":"C:\\Users\\ZDC\\Desktop\\my-mvvm-master\\my-mvvm-master\\src\\asyncUpdateQueue.ts","statementMap":{"0":{"start":{"line":7,"column":21},"end":{"line":7,"column":23}},"1":{"start":{"line":10,"column":15},"end":{"line":10,"column":20}},"2":{"start":{"line":12,"column":14},"end":{"line":12,"column":19}},"3":{"start":{"line":14,"column":24},"end":{"line":14,"column":26}},"4":{"start":{"line":16,"column":14},"end":{"line":16,"column":19}},"5":{"start":{"line":23,"column":2},"end":{"line":49,"column":3}},"6":{"start":{"line":24,"column":4},"end":{"line":42,"column":5}},"7":{"start":{"line":25,"column":6},"end":{"line":25,"column":25}},"8":{"start":{"line":28,"column":17},"end":{"line":28,"column":22}},"9":{"start":{"line":30,"column":6},"end":{"line":37,"column":7}},"10":{"start":{"line":30,"column":19},"end":{"line":30,"column":35}},"11":{"start":{"line":31,"column":8},"end":{"line":36,"column":9}},"12":{"start":{"line":33,"column":10},"end":{"line":33,"column":41}},"13":{"start":{"line":34,"column":10},"end":{"line":34,"column":21}},"14":{"start":{"line":35,"column":10},"end":{"line":35,"column":16}},"15":{"start":{"line":38,"column":6},"end":{"line":41,"column":7}},"16":{"start":{"line":40,"column":8},"end":{"line":40,"column":30}},"17":{"start":{"line":43,"column":4},"end":{"line":48,"column":5}},"18":{"start":{"line":46,"column":6},"end":{"line":46,"column":20}},"19":{"start":{"line":47,"column":6},"end":{"line":47,"column":35}},"20":{"start":{"line":57,"column":2},"end":{"line":57,"column":17}},"21":{"start":{"line":59,"column":2},"end":{"line":59,"column":37}},"22":{"start":{"line":59,"column":23},"end":{"line":59,"column":36}},"23":{"start":{"line":61,"column":2},"end":{"line":66,"column":3}},"24":{"start":{"line":63,"column":20},"end":{"line":63,"column":33}},"25":{"start":{"line":65,"column":4},"end":{"line":65,"column":17}},"26":{"start":{"line":68,"column":2},"end":{"line":68,"column":28}},"27":{"start":{"line":77,"column":2},"end":{"line":77,"column":20}},"28":{"start":{"line":78,"column":2},"end":{"line":83,"column":3}},"29":{"start":{"line":80,"column":4},"end":{"line":80,"column":42}},"30":{"start":{"line":82,"column":4},"end":{"line":82,"column":18}},"31":{"start":{"line":92,"column":2},"end":{"line":92,"column":17}},"32":{"start":{"line":93,"column":2},"end":{"line":98,"column":3}},"33":{"start":{"line":95,"column":15},"end":{"line":95,"column":32}},"34":{"start":{"line":97,"column":4},"end":{"line":97,"column":8}}},"fnMap":{"0":{"name":"queueWatcher","decl":{"start":{"line":22,"column":16},"end":{"line":22,"column":28}},"loc":{"start":{"line":22,"column":47},"end":{"line":50,"column":1}},"line":22},"1":{"name":"flushSchedulerQueue","decl":{"start":{"line":55,"column":9},"end":{"line":55,"column":28}},"loc":{"start":{"line":55,"column":31},"end":{"line":69,"column":1}},"line":55},"2":{"name":"(anonymous_2)","decl":{"start":{"line":59,"column":13},"end":{"line":59,"column":14}},"loc":{"start":{"line":59,"column":23},"end":{"line":59,"column":36}},"line":59},"3":{"name":"nextTick","decl":{"start":{"line":76,"column":9},"end":{"line":76,"column":17}},"loc":{"start":{"line":76,"column":32},"end":{"line":84,"column":1}},"line":76},"4":{"name":"flushCallbacks","decl":{"start":{"line":89,"column":9},"end":{"line":89,"column":23}},"loc":{"start":{"line":89,"column":26},"end":{"line":99,"column":1}},"line":89}},"branchMap":{"0":{"loc":{"start":{"line":23,"column":2},"end":{"line":49,"column":3}},"type":"if","locations":[{"start":{"line":23,"column":2},"end":{"line":49,"column":3}},{"start":{},"end":{}}],"line":23},"1":{"loc":{"start":{"line":24,"column":4},"end":{"line":42,"column":5}},"type":"if","locations":[{"start":{"line":24,"column":4},"end":{"line":42,"column":5}},{"start":{"line":26,"column":11},"end":{"line":42,"column":5}}],"line":24},"2":{"loc":{"start":{"line":31,"column":8},"end":{"line":36,"column":9}},"type":"if","locations":[{"start":{"line":31,"column":8},"end":{"line":36,"column":9}},{"start":{},"end":{}}],"line":31},"3":{"loc":{"start":{"line":38,"column":6},"end":{"line":41,"column":7}},"type":"if","locations":[{"start":{"line":38,"column":6},"end":{"line":41,"column":7}},{"start":{},"end":{}}],"line":38},"4":{"loc":{"start":{"line":43,"column":4},"end":{"line":48,"column":5}},"type":"if","locations":[{"start":{"line":43,"column":4},"end":{"line":48,"column":5}},{"start":{},"end":{}}],"line":43},"5":{"loc":{"start":{"line":78,"column":2},"end":{"line":83,"column":3}},"type":"if","locations":[{"start":{"line":78,"column":2},"end":{"line":83,"column":3}},{"start":{},"end":{}}],"line":78}},"s":{"0":1,"1":1,"2":1,"3":1,"4":1,"5":3,"6":3,"7":3,"8":0,"9":0,"10":0,"11":0,"12":0,"13":0,"14":0,"15":0,"16":0,"17":3,"18":3,"19":3,"20":3,"21":3,"22":0,"23":3,"24":3,"25":3,"26":3,"27":3,"28":3,"29":3,"30":3,"31":3,"32":3,"33":3,"34":3},"f":{"0":3,"1":3,"2":0,"3":3,"4":3},"b":{"0":[3,0],"1":[3,0],"2":[0,0],"3":[0,0],"4":[3,0],"5":[3,0]},"_coverageSchema":"1a1c01bbd47fc00a2c39e90264f33305004495a9","hash":"8b956d7d8f22e7248290dbc86b022969a9b3a1dd"}
,"C:\\Users\\ZDC\\Desktop\\my-mvvm-master\\my-mvvm-master\\src\\defineReactive.ts": {"path":"C:\\Users\\ZDC\\Desktop\\my-mvvm-master\\my-mvvm-master\\src\\defineReactive.ts","statementMap":{"0":{"start":{"line":8,"column":18},"end":{"line":8,"column":30}},"1":{"start":{"line":10,"column":14},"end":{"line":10,"column":23}},"2":{"start":{"line":12,"column":2},"end":{"line":34,"column":4}},"3":{"start":{"line":15,"column":6},"end":{"line":21,"column":7}},"4":{"start":{"line":16,"column":8},"end":{"line":16,"column":20}},"5":{"start":{"line":18,"column":8},"end":{"line":20,"column":9}},"6":{"start":{"line":19,"column":10},"end":{"line":19,"column":30}},"7":{"start":{"line":22,"column":6},"end":{"line":22,"column":41}},"8":{"start":{"line":23,"column":6},"end":{"line":23,"column":16}},"9":{"start":{"line":27,"column":6},"end":{"line":27,"column":45}},"10":{"start":{"line":28,"column":6},"end":{"line":28,"column":30}},"11":{"start":{"line":28,"column":24},"end":{"line":28,"column":30}},"12":{"start":{"line":29,"column":6},"end":{"line":29,"column":16}},"13":{"start":{"line":31,"column":6},"end":{"line":31,"column":18}},"14":{"start":{"line":32,"column":6},"end":{"line":32,"column":18}}},"fnMap":{"0":{"name":"defineReactive","decl":{"start":{"line":6,"column":24},"end":{"line":6,"column":38}},"loc":{"start":{"line":6,"column":66},"end":{"line":35,"column":1}},"line":6},"1":{"name":"(anonymous_1)","decl":{"start":{"line":14,"column":4},"end":{"line":14,"column":5}},"loc":{"start":{"line":14,"column":10},"end":{"line":24,"column":5}},"line":14},"2":{"name":"(anonymous_2)","decl":{"start":{"line":26,"column":4},"end":{"line":26,"column":5}},"loc":{"start":{"line":26,"column":14},"end":{"line":33,"column":5}},"line":26}},"branchMap":{"0":{"loc":{"start":{"line":15,"column":6},"end":{"line":21,"column":7}},"type":"if","locations":[{"start":{"line":15,"column":6},"end":{"line":21,"column":7}},{"start":{},"end":{}}],"line":15},"1":{"loc":{"start":{"line":18,"column":8},"end":{"line":20,"column":9}},"type":"if","locations":[{"start":{"line":18,"column":8},"end":{"line":20,"column":9}},{"start":{},"end":{}}],"line":18},"2":{"loc":{"start":{"line":28,"column":6},"end":{"line":28,"column":30}},"type":"if","locations":[{"start":{"line":28,"column":6},"end":{"line":28,"column":30}},{"start":{},"end":{}}],"line":28}},"s":{"0":12,"1":12,"2":12,"3":15,"4":14,"5":14,"6":2,"7":15,"8":15,"9":2,"10":2,"11":0,"12":2,"13":2,"14":2},"f":{"0":12,"1":15,"2":2},"b":{"0":[14,1],"1":[2,12],"2":[0,2]},"_coverageSchema":"1a1c01bbd47fc00a2c39e90264f33305004495a9","hash":"24639c9c2c50224155f7cede4fa414236f84e58b"}
,"C:\\Users\\ZDC\\Desktop\\my-mvvm-master\\my-mvvm-master\\src\\dep.ts": {"path":"C:\\Users\\ZDC\\Desktop\\my-mvvm-master\\my-mvvm-master\\src\\dep.ts","statementMap":{"0":{"start":{"line":23,"column":4},"end":{"line":24,"column":22}},"1":{"start":{"line":27,"column":11},"end":{"line":32,"column":3}},"2":{"start":{"line":29,"column":4},"end":{"line":29,"column":60}},"3":{"start":{"line":29,"column":54},"end":{"line":29,"column":60}},"4":{"start":{"line":31,"column":4},"end":{"line":31,"column":44}},"5":{"start":{"line":34,"column":11},"end":{"line":38,"column":3}},"6":{"start":{"line":35,"column":4},"end":{"line":37,"column":5}},"7":{"start":{"line":36,"column":6},"end":{"line":36,"column":22}},"8":{"start":{"line":47,"column":25},"end":{"line":47,"column":27}},"9":{"start":{"line":55,"column":2},"end":{"line":55,"column":26}},"10":{"start":{"line":56,"column":2},"end":{"line":56,"column":31}},"11":{"start":{"line":62,"column":2},"end":{"line":62,"column":19}},"12":{"start":{"line":63,"column":2},"end":{"line":63,"column":60}}},"fnMap":{"0":{"name":"(anonymous_0)","decl":{"start":{"line":21,"column":2},"end":{"line":21,"column":3}},"loc":{"start":{"line":21,"column":15},"end":{"line":25,"column":3}},"line":21},"1":{"name":"(anonymous_1)","decl":{"start":{"line":27,"column":11},"end":{"line":27,"column":12}},"loc":{"start":{"line":27,"column":23},"end":{"line":32,"column":3}},"line":27},"2":{"name":"(anonymous_2)","decl":{"start":{"line":34,"column":11},"end":{"line":34,"column":12}},"loc":{"start":{"line":34,"column":23},"end":{"line":38,"column":3}},"line":34},"3":{"name":"pushTarget","decl":{"start":{"line":53,"column":16},"end":{"line":53,"column":26}},"loc":{"start":{"line":53,"column":39},"end":{"line":57,"column":1}},"line":53},"4":{"name":"popTarget","decl":{"start":{"line":61,"column":16},"end":{"line":61,"column":25}},"loc":{"start":{"line":61,"column":28},"end":{"line":64,"column":1}},"line":61}},"branchMap":{"0":{"loc":{"start":{"line":29,"column":4},"end":{"line":29,"column":60}},"type":"if","locations":[{"start":{"line":29,"column":4},"end":{"line":29,"column":60}},{"start":{},"end":{}}],"line":29}},"s":{"0":25,"1":25,"2":16,"3":3,"4":13,"5":25,"6":3,"7":3,"8":1,"9":17,"10":17,"11":17,"12":17},"f":{"0":25,"1":16,"2":3,"3":17,"4":17},"b":{"0":[3,13]},"_coverageSchema":"1a1c01bbd47fc00a2c39e90264f33305004495a9","hash":"4d8973776ff4db81685d6b08957a71263306405f"}
,"C:\\Users\\ZDC\\Desktop\\my-mvvm-master\\my-mvvm-master\\src\\initComputed.ts": {"path":"C:\\Users\\ZDC\\Desktop\\my-mvvm-master\\my-mvvm-master\\src\\initComputed.ts","statementMap":{"0":{"start":{"line":11,"column":19},"end":{"line":11,"column":39}},"1":{"start":{"line":13,"column":18},"end":{"line":13,"column":51}},"2":{"start":{"line":15,"column":2},"end":{"line":20,"column":3}},"3":{"start":{"line":17,"column":4},"end":{"line":17,"column":65}},"4":{"start":{"line":19,"column":4},"end":{"line":19,"column":27}},"5":{"start":{"line":30,"column":21},"end":{"line":40,"column":3}},"6":{"start":{"line":33,"column":22},"end":{"line":33,"column":38}},"7":{"start":{"line":34,"column":6},"end":{"line":37,"column":7}},"8":{"start":{"line":36,"column":8},"end":{"line":36,"column":25}},"9":{"start":{"line":38,"column":6},"end":{"line":38,"column":26}},"10":{"start":{"line":42,"column":2},"end":{"line":42,"column":44}}},"fnMap":{"0":{"name":"initComputed","decl":{"start":{"line":9,"column":24},"end":{"line":9,"column":36}},"loc":{"start":{"line":9,"column":45},"end":{"line":21,"column":1}},"line":9},"1":{"name":"defineComputed","decl":{"start":{"line":28,"column":9},"end":{"line":28,"column":23}},"loc":{"start":{"line":28,"column":44},"end":{"line":43,"column":1}},"line":28},"2":{"name":"(anonymous_2)","decl":{"start":{"line":32,"column":9},"end":{"line":32,"column":10}},"loc":{"start":{"line":32,"column":21},"end":{"line":39,"column":5}},"line":32}},"branchMap":{"0":{"loc":{"start":{"line":34,"column":6},"end":{"line":37,"column":7}},"type":"if","locations":[{"start":{"line":34,"column":6},"end":{"line":37,"column":7}},{"start":{},"end":{}}],"line":34}},"s":{"0":12,"1":12,"2":12,"3":2,"4":2,"5":2,"6":2,"7":2,"8":2,"9":2,"10":2},"f":{"0":12,"1":2,"2":2},"b":{"0":[2,0]},"_coverageSchema":"1a1c01bbd47fc00a2c39e90264f33305004495a9","hash":"e133c12cb02ef1f7c8261b532cd021bfe92b939f"}
,"C:\\Users\\ZDC\\Desktop\\my-mvvm-master\\my-mvvm-master\\src\\initData.ts": {"path":"C:\\Users\\ZDC\\Desktop\\my-mvvm-master\\my-mvvm-master\\src\\initData.ts","statementMap":{"0":{"start":{"line":13,"column":17},"end":{"line":13,"column":28}},"1":{"start":{"line":15,"column":2},"end":{"line":19,"column":3}},"2":{"start":{"line":16,"column":4},"end":{"line":16,"column":17}},"3":{"start":{"line":18,"column":4},"end":{"line":18,"column":57}},"4":{"start":{"line":21,"column":2},"end":{"line":23,"column":3}},"5":{"start":{"line":22,"column":4},"end":{"line":22,"column":27}},"6":{"start":{"line":25,"column":2},"end":{"line":25,"column":19}}},"fnMap":{"0":{"name":"initData","decl":{"start":{"line":11,"column":24},"end":{"line":11,"column":32}},"loc":{"start":{"line":11,"column":41},"end":{"line":26,"column":1}},"line":11}},"branchMap":{"0":{"loc":{"start":{"line":15,"column":2},"end":{"line":19,"column":3}},"type":"if","locations":[{"start":{"line":15,"column":2},"end":{"line":19,"column":3}},{"start":{"line":17,"column":9},"end":{"line":19,"column":3}}],"line":15},"1":{"loc":{"start":{"line":18,"column":15},"end":{"line":18,"column":57}},"type":"cond-expr","locations":[{"start":{"line":18,"column":44},"end":{"line":18,"column":50}},{"start":{"line":18,"column":53},"end":{"line":18,"column":57}}],"line":18}},"s":{"0":12,"1":12,"2":0,"3":12,"4":12,"5":12,"6":12},"f":{"0":12},"b":{"0":[0,12],"1":[12,0]},"_coverageSchema":"1a1c01bbd47fc00a2c39e90264f33305004495a9","hash":"168d50d927e37feb66633e1c284523ae440161ce"}
,"C:\\Users\\ZDC\\Desktop\\my-mvvm-master\\my-mvvm-master\\src\\myMVVM.ts": {"path":"C:\\Users\\ZDC\\Desktop\\my-mvvm-master\\my-mvvm-master\\src\\myMVVM.ts","statementMap":{"0":{"start":{"line":19,"column":4},"end":{"line":19,"column":23}},"1":{"start":{"line":28,"column":4},"end":{"line":28,"column":27}},"2":{"start":{"line":30,"column":4},"end":{"line":30,"column":26}},"3":{"start":{"line":34,"column":4},"end":{"line":34,"column":18}},"4":{"start":{"line":37,"column":4},"end":{"line":37,"column":22}},"5":{"start":{"line":39,"column":4},"end":{"line":39,"column":22}},"6":{"start":{"line":41,"column":4},"end":{"line":43,"column":5}},"7":{"start":{"line":42,"column":6},"end":{"line":42,"column":19}},"8":{"start":{"line":48,"column":4},"end":{"line":48,"column":43}},"9":{"start":{"line":53,"column":22},"end":{"line":53,"column":33}},"10":{"start":{"line":55,"column":4},"end":{"line":55,"column":23}},"11":{"start":{"line":57,"column":4},"end":{"line":62,"column":5}},"12":{"start":{"line":58,"column":6},"end":{"line":58,"column":68}},"13":{"start":{"line":61,"column":6},"end":{"line":61,"column":38}},"14":{"start":{"line":67,"column":4},"end":{"line":67,"column":15}}},"fnMap":{"0":{"name":"(anonymous_0)","decl":{"start":{"line":18,"column":2},"end":{"line":18,"column":3}},"loc":{"start":{"line":18,"column":26},"end":{"line":20,"column":3}},"line":18},"1":{"name":"(anonymous_1)","decl":{"start":{"line":26,"column":2},"end":{"line":26,"column":3}},"loc":{"start":{"line":26,"column":22},"end":{"line":44,"column":3}},"line":26},"2":{"name":"(anonymous_2)","decl":{"start":{"line":47,"column":3},"end":{"line":47,"column":4}},"loc":{"start":{"line":47,"column":12},"end":{"line":49,"column":4}},"line":47},"3":{"name":"(anonymous_3)","decl":{"start":{"line":51,"column":2},"end":{"line":51,"column":3}},"loc":{"start":{"line":51,"column":20},"end":{"line":63,"column":3}},"line":51},"4":{"name":"(anonymous_4)","decl":{"start":{"line":66,"column":2},"end":{"line":66,"column":3}},"loc":{"start":{"line":66,"column":10},"end":{"line":68,"column":3}},"line":66}},"branchMap":{"0":{"loc":{"start":{"line":41,"column":4},"end":{"line":43,"column":5}},"type":"if","locations":[{"start":{"line":41,"column":4},"end":{"line":43,"column":5}},{"start":{},"end":{}}],"line":41},"1":{"loc":{"start":{"line":57,"column":4},"end":{"line":62,"column":5}},"type":"if","locations":[{"start":{"line":57,"column":4},"end":{"line":62,"column":5}},{"start":{"line":60,"column":8},"end":{"line":62,"column":5}}],"line":57}},"s":{"0":12,"1":12,"2":12,"3":12,"4":12,"5":12,"6":12,"7":10,"8":15,"9":15,"10":15,"11":15,"12":12,"13":3,"14":12},"f":{"0":12,"1":12,"2":15,"3":15,"4":12},"b":{"0":[10,2],"1":[12,3]},"_coverageSchema":"1a1c01bbd47fc00a2c39e90264f33305004495a9","hash":"50523c6b3b8dfcab33bd0dfaa1739901b19416cb"}
,"C:\\Users\\ZDC\\Desktop\\my-mvvm-master\\my-mvvm-master\\src\\observe.ts": {"path":"C:\\Users\\ZDC\\Desktop\\my-mvvm-master\\my-mvvm-master\\src\\observe.ts","statementMap":{"0":{"start":{"line":10,"column":4},"end":{"line":10,"column":41}},"1":{"start":{"line":10,"column":35},"end":{"line":10,"column":41}},"2":{"start":{"line":13,"column":4},"end":{"line":13,"column":41}},"3":{"start":{"line":13,"column":22},"end":{"line":13,"column":41}},"4":{"start":{"line":14,"column":16},"end":{"line":14,"column":35}},"5":{"start":{"line":16,"column":4},"end":{"line":16,"column":14}}},"fnMap":{"0":{"name":"observe","decl":{"start":{"line":7,"column":24},"end":{"line":7,"column":31}},"loc":{"start":{"line":7,"column":43},"end":{"line":17,"column":1}},"line":7}},"branchMap":{"0":{"loc":{"start":{"line":10,"column":4},"end":{"line":10,"column":41}},"type":"if","locations":[{"start":{"line":10,"column":4},"end":{"line":10,"column":41}},{"start":{},"end":{}}],"line":10},"1":{"loc":{"start":{"line":13,"column":4},"end":{"line":13,"column":41}},"type":"if","locations":[{"start":{"line":13,"column":4},"end":{"line":13,"column":41}},{"start":{},"end":{}}],"line":13}},"s":{"0":30,"1":17,"2":13,"3":0,"4":13,"5":13},"f":{"0":30},"b":{"0":[17,13],"1":[0,13]},"_coverageSchema":"1a1c01bbd47fc00a2c39e90264f33305004495a9","hash":"37377f175726046b86303a21bb42733d21a9b547"}
,"C:\\Users\\ZDC\\Desktop\\my-mvvm-master\\my-mvvm-master\\src\\observer.ts": {"path":"C:\\Users\\ZDC\\Desktop\\my-mvvm-master\\my-mvvm-master\\src\\observer.ts","statementMap":{"0":{"start":{"line":13,"column":4},"end":{"line":13,"column":22}},"1":{"start":{"line":14,"column":4},"end":{"line":14,"column":24}},"2":{"start":{"line":15,"column":4},"end":{"line":22,"column":6}},"3":{"start":{"line":26,"column":2},"end":{"line":40,"column":3}},"4":{"start":{"line":28,"column":4},"end":{"line":28,"column":24}},"5":{"start":{"line":33,"column":4},"end":{"line":33,"column":28}},"6":{"start":{"line":36,"column":4},"end":{"line":39,"column":5}},"7":{"start":{"line":38,"column":6},"end":{"line":38,"column":44}},"8":{"start":{"line":44,"column":17},"end":{"line":48,"column":3}},"9":{"start":{"line":45,"column":4},"end":{"line":47,"column":5}},"10":{"start":{"line":46,"column":6},"end":{"line":46,"column":19}}},"fnMap":{"0":{"name":"(anonymous_0)","decl":{"start":{"line":12,"column":2},"end":{"line":12,"column":3}},"loc":{"start":{"line":12,"column":24},"end":{"line":41,"column":3}},"line":12},"1":{"name":"(anonymous_1)","decl":{"start":{"line":44,"column":17},"end":{"line":44,"column":18}},"loc":{"start":{"line":44,"column":37},"end":{"line":48,"column":3}},"line":44}},"branchMap":{"0":{"loc":{"start":{"line":26,"column":2},"end":{"line":40,"column":3}},"type":"if","locations":[{"start":{"line":26,"column":2},"end":{"line":40,"column":3}},{"start":{"line":34,"column":9},"end":{"line":40,"column":3}}],"line":26}},"s":{"0":13,"1":13,"2":13,"3":13,"4":1,"5":1,"6":12,"7":12,"8":13,"9":2,"10":4},"f":{"0":13,"1":2},"b":{"0":[1,12]},"_coverageSchema":"1a1c01bbd47fc00a2c39e90264f33305004495a9","hash":"b77045ba00d7cf0be7f335721aafdb1ced0ae98c"}
,"C:\\Users\\ZDC\\Desktop\\my-mvvm-master\\my-mvvm-master\\src\\protoArgument.ts": {"path":"C:\\Users\\ZDC\\Desktop\\my-mvvm-master\\my-mvvm-master\\src\\protoArgument.ts","statementMap":{"0":{"start":{"line":6,"column":39},"end":{"line":6,"column":54}},"1":{"start":{"line":8,"column":21},"end":{"line":8,"column":46}},"2":{"start":{"line":11,"column":23},"end":{"line":11,"column":87}},"3":{"start":{"line":14,"column":0},"end":{"line":42,"column":2}},"4":{"start":{"line":16,"column":2},"end":{"line":41,"column":4}},"5":{"start":{"line":19,"column":18},"end":{"line":19,"column":54}},"6":{"start":{"line":20,"column":17},"end":{"line":20,"column":28}},"7":{"start":{"line":22,"column":6},"end":{"line":22,"column":35}},"8":{"start":{"line":24,"column":6},"end":{"line":33,"column":7}},"9":{"start":{"line":27,"column":10},"end":{"line":27,"column":25}},"10":{"start":{"line":28,"column":10},"end":{"line":28,"column":15}},"11":{"start":{"line":31,"column":10},"end":{"line":31,"column":35}},"12":{"start":{"line":32,"column":10},"end":{"line":32,"column":16}},"13":{"start":{"line":34,"column":6},"end":{"line":34,"column":44}},"14":{"start":{"line":34,"column":19},"end":{"line":34,"column":44}},"15":{"start":{"line":35,"column":6},"end":{"line":35,"column":21}},"16":{"start":{"line":36,"column":6},"end":{"line":36,"column":16}},"17":{"start":{"line":49,"column":2},"end":{"line":49,"column":30}}},"fnMap":{"0":{"name":"(anonymous_0)","decl":{"start":{"line":14,"column":23},"end":{"line":14,"column":24}},"loc":{"start":{"line":14,"column":33},"end":{"line":42,"column":1}},"line":14},"1":{"name":"(anonymous_1)","decl":{"start":{"line":17,"column":11},"end":{"line":17,"column":12}},"loc":{"start":{"line":17,"column":35},"end":{"line":37,"column":5}},"line":17},"2":{"name":"protoArgument","decl":{"start":{"line":48,"column":24},"end":{"line":48,"column":37}},"loc":{"start":{"line":48,"column":47},"end":{"line":50,"column":1}},"line":48}},"branchMap":{"0":{"loc":{"start":{"line":24,"column":6},"end":{"line":33,"column":7}},"type":"switch","locations":[{"start":{"line":25,"column":8},"end":{"line":25,"column":20}},{"start":{"line":26,"column":8},"end":{"line":28,"column":15}},{"start":{"line":29,"column":8},"end":{"line":32,"column":16}}],"line":24},"1":{"loc":{"start":{"line":34,"column":6},"end":{"line":34,"column":44}},"type":"if","locations":[{"start":{"line":34,"column":6},"end":{"line":34,"column":44}},{"start":{},"end":{}}],"line":34}},"s":{"0":1,"1":1,"2":1,"3":1,"4":7,"5":1,"6":1,"7":1,"8":1,"9":1,"10":1,"11":0,"12":0,"13":1,"14":1,"15":1,"16":1,"17":1},"f":{"0":7,"1":1,"2":1},"b":{"0":[1,1,0],"1":[1,0]},"_coverageSchema":"1a1c01bbd47fc00a2c39e90264f33305004495a9","hash":"9bf0ce69fd65c033e18b979ca92e5b156411d00d"}
,"C:\\Users\\ZDC\\Desktop\\my-mvvm-master\\my-mvvm-master\\src\\proxy.ts": {"path":"C:\\Users\\ZDC\\Desktop\\my-mvvm-master\\my-mvvm-master\\src\\proxy.ts","statementMap":{"0":{"start":{"line":9,"column":2},"end":{"line":18,"column":4}},"1":{"start":{"line":12,"column":6},"end":{"line":12,"column":35}},"2":{"start":{"line":16,"column":6},"end":{"line":16,"column":35}}},"fnMap":{"0":{"name":"proxy","decl":{"start":{"line":8,"column":16},"end":{"line":8,"column":21}},"loc":{"start":{"line":8,"column":58},"end":{"line":19,"column":1}},"line":8},"1":{"name":"(anonymous_1)","decl":{"start":{"line":11,"column":4},"end":{"line":11,"column":5}},"loc":{"start":{"line":11,"column":10},"end":{"line":13,"column":5}},"line":11},"2":{"name":"(anonymous_2)","decl":{"start":{"line":15,"column":4},"end":{"line":15,"column":5}},"loc":{"start":{"line":15,"column":14},"end":{"line":17,"column":5}},"line":15}},"branchMap":{},"s":{"0":12,"1":14,"2":0},"f":{"0":12,"1":14,"2":0},"b":{},"_coverageSchema":"1a1c01bbd47fc00a2c39e90264f33305004495a9","hash":"0025c6abb0dab3620fb67a79ddd9ae7181b908dc"}
,"C:\\Users\\ZDC\\Desktop\\my-mvvm-master\\my-mvvm-master\\src\\utils.ts": {"path":"C:\\Users\\ZDC\\Desktop\\my-mvvm-master\\my-mvvm-master\\src\\utils.ts","statementMap":{"0":{"start":{"line":6,"column":19},"end":{"line":6,"column":28}},"1":{"start":{"line":7,"column":2},"end":{"line":7,"column":35}},"2":{"start":{"line":14,"column":21},"end":{"line":24,"column":3}},"3":{"start":{"line":25,"column":2},"end":{"line":25,"column":38}}},"fnMap":{"0":{"name":"isUnaryTag","decl":{"start":{"line":4,"column":16},"end":{"line":4,"column":26}},"loc":{"start":{"line":4,"column":44},"end":{"line":8,"column":1}},"line":4},"1":{"name":"isReserveTag","decl":{"start":{"line":13,"column":16},"end":{"line":13,"column":28}},"loc":{"start":{"line":13,"column":45},"end":{"line":26,"column":1}},"line":13}},"branchMap":{},"s":{"0":28,"1":28,"2":27,"3":27},"f":{"0":28,"1":27},"b":{},"_coverageSchema":"1a1c01bbd47fc00a2c39e90264f33305004495a9","hash":"f196a1e76b789c64cc6450fb67e8a99a1d094199"}
,"C:\\Users\\ZDC\\Desktop\\my-mvvm-master\\my-mvvm-master\\src\\watcher.ts": {"path":"C:\\Users\\ZDC\\Desktop\\my-mvvm-master\\my-mvvm-master\\src\\watcher.ts","statementMap":{"0":{"start":{"line":5,"column":10},"end":{"line":5,"column":11}},"1":{"start":{"line":20,"column":4},"end":{"line":20,"column":20}},"2":{"start":{"line":21,"column":4},"end":{"line":21,"column":26}},"3":{"start":{"line":22,"column":4},"end":{"line":22,"column":17}},"4":{"start":{"line":24,"column":4},"end":{"line":24,"column":21}},"5":{"start":{"line":26,"column":4},"end":{"line":26,"column":31}},"6":{"start":{"line":28,"column":4},"end":{"line":28,"column":16}},"7":{"start":{"line":30,"column":4},"end":{"line":30,"column":31}},"8":{"start":{"line":41,"column":9},"end":{"line":49,"column":1}},"9":{"start":{"line":42,"column":2},"end":{"line":48,"column":3}},"10":{"start":{"line":44,"column":4},"end":{"line":44,"column":21}},"11":{"start":{"line":47,"column":4},"end":{"line":47,"column":22}},"12":{"start":{"line":57,"column":6},"end":{"line":61,"column":1}},"13":{"start":{"line":58,"column":2},"end":{"line":58,"column":18}},"14":{"start":{"line":59,"column":2},"end":{"line":59,"column":38}},"15":{"start":{"line":60,"column":2},"end":{"line":60,"column":13}},"16":{"start":{"line":65,"column":12},"end":{"line":70,"column":3}},"17":{"start":{"line":67,"column":4},"end":{"line":67,"column":14}},"18":{"start":{"line":69,"column":4},"end":{"line":69,"column":22}},"19":{"start":{"line":74,"column":8},"end":{"line":76,"column":3}},"20":{"start":{"line":75,"column":4},"end":{"line":75,"column":14}}},"fnMap":{"0":{"name":"(anonymous_0)","decl":{"start":{"line":18,"column":2},"end":{"line":18,"column":3}},"loc":{"start":{"line":18,"column":53},"end":{"line":31,"column":3}},"line":18},"1":{"name":"(anonymous_1)","decl":{"start":{"line":41,"column":9},"end":{"line":41,"column":10}},"loc":{"start":{"line":41,"column":21},"end":{"line":49,"column":1}},"line":41},"2":{"name":"(anonymous_2)","decl":{"start":{"line":57,"column":6},"end":{"line":57,"column":7}},"loc":{"start":{"line":57,"column":18},"end":{"line":61,"column":1}},"line":57},"3":{"name":"(anonymous_3)","decl":{"start":{"line":65,"column":12},"end":{"line":65,"column":13}},"loc":{"start":{"line":65,"column":24},"end":{"line":70,"column":3}},"line":65},"4":{"name":"(anonymous_4)","decl":{"start":{"line":74,"column":8},"end":{"line":74,"column":9}},"loc":{"start":{"line":74,"column":20},"end":{"line":76,"column":3}},"line":74}},"branchMap":{"0":{"loc":{"start":{"line":18,"column":43},"end":{"line":18,"column":52}},"type":"default-arg","locations":[{"start":{"line":18,"column":48},"end":{"line":18,"column":52}}],"line":18},"1":{"loc":{"start":{"line":30,"column":4},"end":{"line":30,"column":31}},"type":"binary-expr","locations":[{"start":{"line":30,"column":4},"end":{"line":30,"column":17}},{"start":{"line":30,"column":21},"end":{"line":30,"column":31}}],"line":30},"2":{"loc":{"start":{"line":42,"column":2},"end":{"line":48,"column":3}},"type":"if","locations":[{"start":{"line":42,"column":2},"end":{"line":48,"column":3}},{"start":{"line":45,"column":9},"end":{"line":48,"column":3}}],"line":42}},"s":{"0":1,"1":14,"2":14,"3":14,"4":14,"5":14,"6":14,"7":14,"8":14,"9":3,"10":0,"11":3,"12":14,"13":17,"14":17,"15":17,"16":14,"17":2,"18":2,"19":14,"20":3},"f":{"0":14,"1":3,"2":17,"3":2,"4":3},"b":{"0":[12],"1":[14,12],"2":[0,3]},"_coverageSchema":"1a1c01bbd47fc00a2c39e90264f33305004495a9","hash":"04bcebb8e0b135471fe594f4cb04e727da96c950"}
,"C:\\Users\\ZDC\\Desktop\\my-mvvm-master\\my-mvvm-master\\src\\compiler-Vue2\\compileToFunction.ts": {"path":"C:\\Users\\ZDC\\Desktop\\my-mvvm-master\\my-mvvm-master\\src\\compiler-Vue2\\compileToFunction.ts","statementMap":{"0":{"start":{"line":22,"column":14},"end":{"line":22,"column":29}},"1":{"start":{"line":24,"column":17},"end":{"line":24,"column":30}},"2":{"start":{"line":25,"column":2},"end":{"line":25,"column":15}}},"fnMap":{"0":{"name":"compileToFunction","decl":{"start":{"line":20,"column":24},"end":{"line":20,"column":41}},"loc":{"start":{"line":20,"column":59},"end":{"line":26,"column":1}},"line":20}},"branchMap":{},"s":{"0":12,"1":12,"2":12},"f":{"0":12},"b":{},"_coverageSchema":"1a1c01bbd47fc00a2c39e90264f33305004495a9","hash":"5ba0f941ecd3f48b3c8333a5b87db3b112a89abd"}
,"C:\\Users\\ZDC\\Desktop\\my-mvvm-master\\my-mvvm-master\\src\\compiler-Vue2\\generate.ts": {"path":"C:\\Users\\ZDC\\Desktop\\my-mvvm-master\\my-mvvm-master\\src\\compiler-Vue2\\generate.ts","statementMap":{"0":{"start":{"line":11,"column":20},"end":{"line":11,"column":35}},"1":{"start":{"line":13,"column":2},"end":{"line":13,"column":59}},"2":{"start":{"line":22,"column":33},"end":{"line":22,"column":36}},"3":{"start":{"line":26,"column":16},"end":{"line":26,"column":39}},"4":{"start":{"line":29,"column":19},"end":{"line":29,"column":35}},"5":{"start":{"line":30,"column":2},"end":{"line":33,"column":3}},"6":{"start":{"line":32,"column":4},"end":{"line":32,"column":56}},"7":{"start":{"line":35,"column":2},"end":{"line":35,"column":64}},"8":{"start":{"line":44,"column":14},"end":{"line":44,"column":16}},"9":{"start":{"line":44,"column":33},"end":{"line":44,"column":36}},"10":{"start":{"line":46,"column":2},"end":{"line":57,"column":3}},"11":{"start":{"line":47,"column":4},"end":{"line":56,"column":5}},"12":{"start":{"line":47,"column":17},"end":{"line":47,"column":18}},"13":{"start":{"line":47,"column":26},"end":{"line":47,"column":41}},"14":{"start":{"line":48,"column":20},"end":{"line":48,"column":31}},"15":{"start":{"line":49,"column":6},"end":{"line":55,"column":7}},"16":{"start":{"line":51,"column":8},"end":{"line":51,"column":48}},"17":{"start":{"line":52,"column":13},"end":{"line":55,"column":7}},"18":{"start":{"line":54,"column":8},"end":{"line":54,"column":35}},"19":{"start":{"line":58,"column":2},"end":{"line":58,"column":12}}},"fnMap":{"0":{"name":"generate","decl":{"start":{"line":9,"column":24},"end":{"line":9,"column":32}},"loc":{"start":{"line":9,"column":42},"end":{"line":14,"column":1}},"line":9},"1":{"name":"genElement","decl":{"start":{"line":21,"column":9},"end":{"line":21,"column":19}},"loc":{"start":{"line":21,"column":34},"end":{"line":36,"column":1}},"line":21},"2":{"name":"genChildren","decl":{"start":{"line":43,"column":9},"end":{"line":43,"column":20}},"loc":{"start":{"line":43,"column":37},"end":{"line":59,"column":1}},"line":43}},"branchMap":{"0":{"loc":{"start":{"line":30,"column":2},"end":{"line":33,"column":3}},"type":"if","locations":[{"start":{"line":30,"column":2},"end":{"line":33,"column":3}},{"start":{},"end":{}}],"line":30},"1":{"loc":{"start":{"line":46,"column":2},"end":{"line":57,"column":3}},"type":"if","locations":[{"start":{"line":46,"column":2},"end":{"line":57,"column":3}},{"start":{},"end":{}}],"line":46},"2":{"loc":{"start":{"line":49,"column":6},"end":{"line":55,"column":7}},"type":"if","locations":[{"start":{"line":49,"column":6},"end":{"line":55,"column":7}},{"start":{"line":52,"column":13},"end":{"line":55,"column":7}}],"line":49},"3":{"loc":{"start":{"line":52,"column":13},"end":{"line":55,"column":7}},"type":"if","locations":[{"start":{"line":52,"column":13},"end":{"line":55,"column":7}},{"start":{},"end":{}}],"line":52}},"s":{"0":12,"1":12,"2":28,"3":28,"4":28,"5":28,"6":1,"7":27,"8":28,"9":28,"10":28,"11":28,"12":28,"13":28,"14":25,"15":25,"16":9,"17":16,"18":16,"19":28},"f":{"0":12,"1":28,"2":28},"b":{"0":[1,27],"1":[28,0],"2":[9,16],"3":[16,0]},"_coverageSchema":"1a1c01bbd47fc00a2c39e90264f33305004495a9","hash":"ee0f7f48b44c736f8913f0088d5b6521f69252b7"}
,"C:\\Users\\ZDC\\Desktop\\my-mvvm-master\\my-mvvm-master\\src\\compiler-Vue2\\index.ts": {"path":"C:\\Users\\ZDC\\Desktop\\my-mvvm-master\\my-mvvm-master\\src\\compiler-Vue2\\index.ts","statementMap":{"0":{"start":{"line":8,"column":2},"end":{"line":31,"column":3}},"1":{"start":{"line":10,"column":19},"end":{"line":10,"column":21}},"2":{"start":{"line":11,"column":4},"end":{"line":25,"column":5}},"3":{"start":{"line":13,"column":6},"end":{"line":13,"column":37}},"4":{"start":{"line":14,"column":11},"end":{"line":25,"column":5}},"5":{"start":{"line":17,"column":6},"end":{"line":24,"column":7}},"6":{"start":{"line":18,"column":8},"end":{"line":18,"column":45}},"7":{"start":{"line":21,"column":8},"end":{"line":21,"column":67}},"8":{"start":{"line":23,"column":8},"end":{"line":23,"column":55}},"9":{"start":{"line":28,"column":19},"end":{"line":28,"column":46}},"10":{"start":{"line":30,"column":4},"end":{"line":30,"column":31}},"11":{"start":{"line":33,"column":2},"end":{"line":33,"column":20}}},"fnMap":{"0":{"name":"mount","decl":{"start":{"line":7,"column":24},"end":{"line":7,"column":29}},"loc":{"start":{"line":7,"column":38},"end":{"line":34,"column":1}},"line":7}},"branchMap":{"0":{"loc":{"start":{"line":8,"column":2},"end":{"line":31,"column":3}},"type":"if","locations":[{"start":{"line":8,"column":2},"end":{"line":31,"column":3}},{"start":{},"end":{}}],"line":8},"1":{"loc":{"start":{"line":11,"column":4},"end":{"line":25,"column":5}},"type":"if","locations":[{"start":{"line":11,"column":4},"end":{"line":25,"column":5}},{"start":{"line":14,"column":11},"end":{"line":25,"column":5}}],"line":11},"2":{"loc":{"start":{"line":14,"column":11},"end":{"line":25,"column":5}},"type":"if","locations":[{"start":{"line":14,"column":11},"end":{"line":25,"column":5}},{"start":{},"end":{}}],"line":14},"3":{"loc":{"start":{"line":17,"column":6},"end":{"line":24,"column":7}},"type":"if","locations":[{"start":{"line":17,"column":6},"end":{"line":24,"column":7}},{"start":{"line":20,"column":10},"end":{"line":24,"column":7}}],"line":17}},"s":{"0":12,"1":12,"2":12,"3":2,"4":10,"5":10,"6":10,"7":0,"8":0,"9":12,"10":12,"11":12},"f":{"0":12},"b":{"0":[12,0],"1":[2,10],"2":[10,0],"3":[10,0]},"_coverageSchema":"1a1c01bbd47fc00a2c39e90264f33305004495a9","hash":"da945faddbcce8f31c4527da8be03e2b4422970a"}
,"C:\\Users\\ZDC\\Desktop\\my-mvvm-master\\my-mvvm-master\\src\\compiler-Vue2\\mountComponent.ts": {"path":"C:\\Users\\ZDC\\Desktop\\my-mvvm-master\\my-mvvm-master\\src\\compiler-Vue2\\mountComponent.ts","statementMap":{"0":{"start":{"line":8,"column":26},"end":{"line":10,"column":3}},"1":{"start":{"line":9,"column":4},"end":{"line":9,"column":28}},"2":{"start":{"line":12,"column":2},"end":{"line":12,"column":45}}},"fnMap":{"0":{"name":"mountComponent","decl":{"start":{"line":6,"column":24},"end":{"line":6,"column":38}},"loc":{"start":{"line":6,"column":48},"end":{"line":13,"column":1}},"line":6},"1":{"name":"(anonymous_1)","decl":{"start":{"line":8,"column":26},"end":{"line":8,"column":27}},"loc":{"start":{"line":8,"column":32},"end":{"line":10,"column":3}},"line":8}},"branchMap":{},"s":{"0":12,"1":15,"2":12},"f":{"0":12,"1":15},"b":{},"_coverageSchema":"1a1c01bbd47fc00a2c39e90264f33305004495a9","hash":"542bf9dc027960adbf36dad64400b665a98742c3"}
,"C:\\Users\\ZDC\\Desktop\\my-mvvm-master\\my-mvvm-master\\src\\compiler-Vue2\\parse.ts": {"path":"C:\\Users\\ZDC\\Desktop\\my-mvvm-master\\my-mvvm-master\\src\\compiler-Vue2\\parse.ts","statementMap":{"0":{"start":{"line":11,"column":22},"end":{"line":11,"column":24}},"1":{"start":{"line":13,"column":17},"end":{"line":13,"column":21}},"2":{"start":{"line":15,"column":13},"end":{"line":15,"column":21}},"3":{"start":{"line":16,"column":2},"end":{"line":46,"column":3}},"4":{"start":{"line":18,"column":4},"end":{"line":22,"column":5}},"5":{"start":{"line":20,"column":6},"end":{"line":20,"column":48}},"6":{"start":{"line":21,"column":6},"end":{"line":21,"column":14}},"7":{"start":{"line":24,"column":21},"end":{"line":24,"column":38}},"8":{"start":{"line":25,"column":4},"end":{"line":45,"column":5}},"9":{"start":{"line":26,"column":6},"end":{"line":32,"column":7}},"10":{"start":{"line":28,"column":8},"end":{"line":28,"column":18}},"11":{"start":{"line":31,"column":8},"end":{"line":31,"column":23}},"12":{"start":{"line":33,"column":11},"end":{"line":45,"column":5}},"13":{"start":{"line":35,"column":27},"end":{"line":35,"column":44}},"14":{"start":{"line":37,"column":6},"end":{"line":40,"column":7}},"15":{"start":{"line":39,"column":8},"end":{"line":39,"column":49}},"16":{"start":{"line":42,"column":6},"end":{"line":42,"column":37}},"17":{"start":{"line":47,"column":2},"end":{"line":47,"column":13}},"18":{"start":{"line":56,"column":19},"end":{"line":56,"column":36}},"19":{"start":{"line":58,"column":20},"end":{"line":58,"column":41}},"20":{"start":{"line":60,"column":4},"end":{"line":60,"column":33}},"21":{"start":{"line":62,"column":26},"end":{"line":62,"column":46}},"22":{"start":{"line":64,"column":18},"end":{"line":64,"column":20}},"23":{"start":{"line":64,"column":33},"end":{"line":64,"column":35}},"24":{"start":{"line":65,"column":4},"end":{"line":75,"column":5}},"25":{"start":{"line":67,"column":6},"end":{"line":67,"column":23}},"26":{"start":{"line":69,"column":6},"end":{"line":69,"column":19}},"27":{"start":{"line":72,"column":6},"end":{"line":72,"column":47}},"28":{"start":{"line":74,"column":6},"end":{"line":74,"column":49}},"29":{"start":{"line":77,"column":18},"end":{"line":77,"column":53}},"30":{"start":{"line":79,"column":20},"end":{"line":79,"column":37}},"31":{"start":{"line":81,"column":23},"end":{"line":81,"column":52}},"32":{"start":{"line":83,"column":4},"end":{"line":85,"column":5}},"33":{"start":{"line":84,"column":6},"end":{"line":84,"column":23}},"34":{"start":{"line":87,"column":4},"end":{"line":87,"column":26}},"35":{"start":{"line":90,"column":4},"end":{"line":92,"column":5}},"36":{"start":{"line":91,"column":6},"end":{"line":91,"column":22}},"37":{"start":{"line":101,"column":37},"end":{"line":101,"column":39}},"38":{"start":{"line":102,"column":4},"end":{"line":105,"column":5}},"39":{"start":{"line":103,"column":36},"end":{"line":103,"column":51}},"40":{"start":{"line":104,"column":6},"end":{"line":104,"column":53}},"41":{"start":{"line":106,"column":4},"end":{"line":106,"column":18}},"42":{"start":{"line":116,"column":4},"end":{"line":125,"column":5}},"43":{"start":{"line":134,"column":4},"end":{"line":134,"column":44}},"44":{"start":{"line":136,"column":4},"end":{"line":136,"column":20}},"45":{"start":{"line":151,"column":19},"end":{"line":151,"column":30}},"46":{"start":{"line":152,"column":21},"end":{"line":152,"column":33}},"47":{"start":{"line":154,"column":29},"end":{"line":154,"column":35}},"48":{"start":{"line":156,"column":4},"end":{"line":156,"column":21}},"49":{"start":{"line":158,"column":24},"end":{"line":158,"column":44}},"50":{"start":{"line":160,"column":4},"end":{"line":169,"column":5}},"51":{"start":{"line":162,"column":6},"end":{"line":162,"column":27}},"52":{"start":{"line":163,"column":11},"end":{"line":169,"column":5}},"53":{"start":{"line":163,"column":40},"end":{"line":163,"column":66}},"54":{"start":{"line":165,"column":6},"end":{"line":165,"column":69}},"55":{"start":{"line":166,"column":11},"end":{"line":169,"column":5}},"56":{"start":{"line":166,"column":40},"end":{"line":166,"column":64}},"57":{"start":{"line":168,"column":6},"end":{"line":168,"column":65}},"58":{"start":{"line":172,"column":4},"end":{"line":172,"column":30}},"59":{"start":{"line":175,"column":4},"end":{"line":200,"column":5}},"60":{"start":{"line":176,"column":6},"end":{"line":176,"column":47}},"61":{"start":{"line":177,"column":6},"end":{"line":177,"column":41}},"62":{"start":{"line":181,"column":6},"end":{"line":199,"column":7}},"63":{"start":{"line":182,"column":58},"end":{"line":182,"column":64}},"64":{"start":{"line":185,"column":25},"end":{"line":193,"column":9}},"65":{"start":{"line":190,"column":12},"end":{"line":190,"column":30}},"66":{"start":{"line":191,"column":12},"end":{"line":191,"column":23}},"67":{"start":{"line":194,"column":8},"end":{"line":198,"column":9}},"68":{"start":{"line":195,"column":10},"end":{"line":195,"column":64}},"69":{"start":{"line":197,"column":10},"end":{"line":197,"column":70}},"70":{"start":{"line":211,"column":4},"end":{"line":211,"column":28}},"71":{"start":{"line":211,"column":22},"end":{"line":211,"column":28}},"72":{"start":{"line":213,"column":20},"end":{"line":217,"column":5}},"73":{"start":{"line":218,"column":4},"end":{"line":221,"column":5}},"74":{"start":{"line":220,"column":6},"end":{"line":220,"column":43}},"75":{"start":{"line":223,"column":4},"end":{"line":223,"column":50}},"76":{"start":{"line":233,"column":35},"end":{"line":233,"column":41}},"77":{"start":{"line":234,"column":43},"end":{"line":234,"column":50}},"78":{"start":{"line":236,"column":4},"end":{"line":250,"column":5}},"79":{"start":{"line":237,"column":6},"end":{"line":243,"column":7}},"80":{"start":{"line":239,"column":8},"end":{"line":239,"column":61}},"81":{"start":{"line":240,"column":13},"end":{"line":243,"column":7}},"82":{"start":{"line":242,"column":8},"end":{"line":242,"column":65}},"83":{"start":{"line":244,"column":11},"end":{"line":250,"column":5}},"84":{"start":{"line":246,"column":6},"end":{"line":246,"column":45}},"85":{"start":{"line":247,"column":11},"end":{"line":250,"column":5}},"86":{"start":{"line":249,"column":6},"end":{"line":249,"column":45}},"87":{"start":{"line":261,"column":4},"end":{"line":261,"column":46}},"88":{"start":{"line":271,"column":4},"end":{"line":271,"column":42}},"89":{"start":{"line":286,"column":2},"end":{"line":301,"column":3}},"90":{"start":{"line":288,"column":20},"end":{"line":288,"column":30}},"91":{"start":{"line":290,"column":4},"end":{"line":300,"column":5}},"92":{"start":{"line":291,"column":6},"end":{"line":299,"column":7}},"93":{"start":{"line":294,"column":25},"end":{"line":294,"column":48}},"94":{"start":{"line":296,"column":8},"end":{"line":296,"column":52}},"95":{"start":{"line":298,"column":8},"end":{"line":298,"column":14}}},"fnMap":{"0":{"name":"parse","decl":{"start":{"line":9,"column":24},"end":{"line":9,"column":29}},"loc":{"start":{"line":9,"column":48},"end":{"line":273,"column":1}},"line":9},"1":{"name":"parseStartTag","decl":{"start":{"line":54,"column":11},"end":{"line":54,"column":24}},"loc":{"start":{"line":54,"column":27},"end":{"line":93,"column":3}},"line":54},"2":{"name":"parseAttrs","decl":{"start":{"line":100,"column":11},"end":{"line":100,"column":21}},"loc":{"start":{"line":100,"column":36},"end":{"line":107,"column":3}},"line":100},"3":{"name":"generateAST","decl":{"start":{"line":115,"column":11},"end":{"line":115,"column":22}},"loc":{"start":{"line":115,"column":52},"end":{"line":126,"column":3}},"line":115},"4":{"name":"parseEnd","decl":{"start":{"line":132,"column":11},"end":{"line":132,"column":19}},"loc":{"start":{"line":132,"column":22},"end":{"line":137,"column":3}},"line":132},"5":{"name":"processElement","decl":{"start":{"line":149,"column":11},"end":{"line":149,"column":25}},"loc":{"start":{"line":149,"column":28},"end":{"line":201,"column":3}},"line":149},"6":{"name":"(anonymous_6)","decl":{"start":{"line":163,"column":32},"end":{"line":163,"column":33}},"loc":{"start":{"line":163,"column":40},"end":{"line":163,"column":66}},"line":163},"7":{"name":"(anonymous_7)","decl":{"start":{"line":166,"column":32},"end":{"line":166,"column":33}},"loc":{"start":{"line":166,"column":40},"end":{"line":166,"column":64}},"line":166},"8":{"name":"(anonymous_8)","decl":{"start":{"line":188,"column":33},"end":{"line":188,"column":34}},"loc":{"start":{"line":188,"column":47},"end":{"line":192,"column":11}},"line":188},"9":{"name":"processChars","decl":{"start":{"line":209,"column":11},"end":{"line":209,"column":23}},"loc":{"start":{"line":209,"column":37},"end":{"line":224,"column":3}},"line":209},"10":{"name":"processVModel","decl":{"start":{"line":232,"column":11},"end":{"line":232,"column":24}},"loc":{"start":{"line":232,"column":38},"end":{"line":251,"column":3}},"line":232},"11":{"name":"processVBind","decl":{"start":{"line":260,"column":11},"end":{"line":260,"column":23}},"loc":{"start":{"line":260,"column":68},"end":{"line":262,"column":3}},"line":260},"12":{"name":"processVOn","decl":{"start":{"line":270,"column":11},"end":{"line":270,"column":21}},"loc":{"start":{"line":270,"column":64},"end":{"line":272,"column":3}},"line":270},"13":{"name":"processSlotContent","decl":{"start":{"line":284,"column":9},"end":{"line":284,"column":27}},"loc":{"start":{"line":284,"column":36},"end":{"line":302,"column":1}},"line":284}},"branchMap":{"0":{"loc":{"start":{"line":18,"column":4},"end":{"line":22,"column":5}},"type":"if","locations":[{"start":{"line":18,"column":4},"end":{"line":22,"column":5}},{"start":{},"end":{}}],"line":18},"1":{"loc":{"start":{"line":25,"column":4},"end":{"line":45,"column":5}},"type":"if","locations":[{"start":{"line":25,"column":4},"end":{"line":45,"column":5}},{"start":{"line":33,"column":11},"end":{"line":45,"column":5}}],"line":25},"2":{"loc":{"start":{"line":26,"column":6},"end":{"line":32,"column":7}},"type":"if","locations":[{"start":{"line":26,"column":6},"end":{"line":32,"column":7}},{"start":{"line":29,"column":13},"end":{"line":32,"column":7}}],"line":26},"3":{"loc":{"start":{"line":33,"column":11},"end":{"line":45,"column":5}},"type":"if","locations":[{"start":{"line":33,"column":11},"end":{"line":45,"column":5}},{"start":{"line":43,"column":11},"end":{"line":45,"column":5}}],"line":33},"4":{"loc":{"start":{"line":37,"column":6},"end":{"line":40,"column":7}},"type":"if","locations":[{"start":{"line":37,"column":6},"end":{"line":40,"column":7}},{"start":{},"end":{}}],"line":37},"5":{"loc":{"start":{"line":65,"column":4},"end":{"line":75,"column":5}},"type":"if","locations":[{"start":{"line":65,"column":4},"end":{"line":75,"column":5}},{"start":{"line":70,"column":11},"end":{"line":75,"column":5}}],"line":65},"6":{"loc":{"start":{"line":77,"column":18},"end":{"line":77,"column":53}},"type":"cond-expr","locations":[{"start":{"line":77,"column":29},"end":{"line":77,"column":48}},{"start":{"line":77,"column":51},"end":{"line":77,"column":53}}],"line":77},"7":{"loc":{"start":{"line":83,"column":4},"end":{"line":85,"column":5}},"type":"if","locations":[{"start":{"line":83,"column":4},"end":{"line":85,"column":5}},{"start":{},"end":{}}],"line":83},"8":{"loc":{"start":{"line":90,"column":4},"end":{"line":92,"column":5}},"type":"if","locations":[{"start":{"line":90,"column":4},"end":{"line":92,"column":5}},{"start":{},"end":{}}],"line":90},"9":{"loc":{"start":{"line":160,"column":4},"end":{"line":169,"column":5}},"type":"if","locations":[{"start":{"line":160,"column":4},"end":{"line":169,"column":5}},{"start":{"line":163,"column":11},"end":{"line":169,"column":5}}],"line":160},"10":{"loc":{"start":{"line":163,"column":11},"end":{"line":169,"column":5}},"type":"if","locations":[{"start":{"line":163,"column":11},"end":{"line":169,"column":5}},{"start":{"line":166,"column":11},"end":{"line":169,"column":5}}],"line":163},"11":{"loc":{"start":{"line":166,"column":11},"end":{"line":169,"column":5}},"type":"if","locations":[{"start":{"line":166,"column":11},"end":{"line":169,"column":5}},{"start":{},"end":{}}],"line":166},"12":{"loc":{"start":{"line":175,"column":4},"end":{"line":200,"column":5}},"type":"if","locations":[{"start":{"line":175,"column":4},"end":{"line":200,"column":5}},{"start":{},"end":{}}],"line":175},"13":{"loc":{"start":{"line":181,"column":6},"end":{"line":199,"column":7}},"type":"if","locations":[{"start":{"line":181,"column":6},"end":{"line":199,"column":7}},{"start":{},"end":{}}],"line":181},"14":{"loc":{"start":{"line":194,"column":8},"end":{"line":198,"column":9}},"type":"if","locations":[{"start":{"line":194,"column":8},"end":{"line":198,"column":9}},{"start":{"line":196,"column":15},"end":{"line":198,"column":9}}],"line":194},"15":{"loc":{"start":{"line":211,"column":4},"end":{"line":211,"column":28}},"type":"if","locations":[{"start":{"line":211,"column":4},"end":{"line":211,"column":28}},{"start":{},"end":{}}],"line":211},"16":{"loc":{"start":{"line":218,"column":4},"end":{"line":221,"column":5}},"type":"if","locations":[{"start":{"line":218,"column":4},"end":{"line":221,"column":5}},{"start":{},"end":{}}],"line":218},"17":{"loc":{"start":{"line":236,"column":4},"end":{"line":250,"column":5}},"type":"if","locations":[{"start":{"line":236,"column":4},"end":{"line":250,"column":5}},{"start":{"line":244,"column":11},"end":{"line":250,"column":5}}],"line":236},"18":{"loc":{"start":{"line":237,"column":6},"end":{"line":243,"column":7}},"type":"if","locations":[{"start":{"line":237,"column":6},"end":{"line":243,"column":7}},{"start":{"line":240,"column":13},"end":{"line":243,"column":7}}],"line":237},"19":{"loc":{"start":{"line":240,"column":13},"end":{"line":243,"column":7}},"type":"if","locations":[{"start":{"line":240,"column":13},"end":{"line":243,"column":7}},{"start":{},"end":{}}],"line":240},"20":{"loc":{"start":{"line":244,"column":11},"end":{"line":250,"column":5}},"type":"if","locations":[{"start":{"line":244,"column":11},"end":{"line":250,"column":5}},{"start":{"line":247,"column":11},"end":{"line":250,"column":5}}],"line":244},"21":{"loc":{"start":{"line":247,"column":11},"end":{"line":250,"column":5}},"type":"if","locations":[{"start":{"line":247,"column":11},"end":{"line":250,"column":5}},{"start":{},"end":{}}],"line":247},"22":{"loc":{"start":{"line":286,"column":2},"end":{"line":301,"column":3}},"type":"if","locations":[{"start":{"line":286,"column":2},"end":{"line":301,"column":3}},{"start":{},"end":{}}],"line":286},"23":{"loc":{"start":{"line":291,"column":6},"end":{"line":299,"column":7}},"type":"if","locations":[{"start":{"line":291,"column":6},"end":{"line":299,"column":7}},{"start":{},"end":{}}],"line":291}},"s":{"0":12,"1":12,"2":12,"3":12,"4":70,"5":0,"6":0,"7":70,"8":70,"9":54,"10":26,"11":28,"12":16,"13":16,"14":16,"15":14,"16":16,"17":12,"18":28,"19":28,"20":28,"21":28,"22":28,"23":28,"24":28,"25":12,"26":12,"27":16,"28":16,"29":28,"30":28,"31":28,"32":28,"33":12,"34":28,"35":28,"36":2,"37":28,"38":28,"39":19,"40":19,"41":28,"42":28,"43":26,"44":26,"45":28,"46":28,"47":28,"48":28,"49":28,"50":28,"51":2,"52":26,"53":15,"54":2,"55":24,"56":12,"57":2,"58":28,"59":28,"60":16,"61":16,"62":16,"63":0,"64":0,"65":0,"66":0,"67":0,"68":0,"69":0,"70":14,"71":5,"72":9,"73":9,"74":9,"75":9,"76":2,"77":2,"78":2,"79":2,"80":1,"81":1,"82":1,"83":0,"84":0,"85":0,"86":0,"87":2,"88":2,"89":28,"90":0,"91":0,"92":0,"93":0,"94":0,"95":0},"f":{"0":12,"1":28,"2":28,"3":28,"4":26,"5":28,"6":15,"7":12,"8":0,"9":14,"10":2,"11":2,"12":2,"13":28},"b":{"0":[0,70],"1":[54,16],"2":[26,28],"3":[16,0],"4":[14,2],"5":[12,16],"6":[16,12],"7":[12,16],"8":[2,26],"9":[2,26],"10":[2,24],"11":[2,22],"12":[16,12],"13":[0,16],"14":[0,0],"15":[5,9],"16":[9,0],"17":[2,0],"18":[1,1],"19":[1,0],"20":[0,0],"21":[0,0],"22":[0,28],"23":[0,0]},"_coverageSchema":"1a1c01bbd47fc00a2c39e90264f33305004495a9","hash":"f28b684c92c02d406fff79698286f6cfbd30982e"}
,"C:\\Users\\ZDC\\Desktop\\my-mvvm-master\\my-mvvm-master\\src\\compiler-Vue2\\patch.ts": {"path":"C:\\Users\\ZDC\\Desktop\\my-mvvm-master\\my-mvvm-master\\src\\compiler-Vue2\\patch.ts","statementMap":{"0":{"start":{"line":12,"column":2},"end":{"line":15,"column":3}},"1":{"start":{"line":14,"column":4},"end":{"line":14,"column":10}},"2":{"start":{"line":16,"column":2},"end":{"line":33,"column":3}},"3":{"start":{"line":17,"column":4},"end":{"line":17,"column":32}},"4":{"start":{"line":20,"column":4},"end":{"line":32,"column":5}},"5":{"start":{"line":22,"column":21},"end":{"line":22,"column":40}},"6":{"start":{"line":24,"column":24},"end":{"line":24,"column":44}},"7":{"start":{"line":26,"column":6},"end":{"line":26,"column":41}},"8":{"start":{"line":28,"column":6},"end":{"line":28,"column":34}},"9":{"start":{"line":31,"column":6},"end":{"line":31,"column":33}},"10":{"start":{"line":44,"column":2},"end":{"line":44,"column":24}},"11":{"start":{"line":46,"column":2},"end":{"line":46,"column":37}},"12":{"start":{"line":46,"column":30},"end":{"line":46,"column":37}},"13":{"start":{"line":49,"column":40},"end":{"line":49,"column":45}},"14":{"start":{"line":51,"column":2},"end":{"line":67,"column":3}},"15":{"start":{"line":54,"column":4},"end":{"line":54,"column":38}},"16":{"start":{"line":58,"column":4},"end":{"line":58,"column":44}},"17":{"start":{"line":60,"column":4},"end":{"line":60,"column":31}},"18":{"start":{"line":62,"column":4},"end":{"line":66,"column":5}},"19":{"start":{"line":63,"column":6},"end":{"line":65,"column":7}},"20":{"start":{"line":63,"column":19},"end":{"line":63,"column":20}},"21":{"start":{"line":63,"column":28},"end":{"line":63,"column":43}},"22":{"start":{"line":64,"column":8},"end":{"line":64,"column":48}},"23":{"start":{"line":69,"column":2},"end":{"line":78,"column":3}},"24":{"start":{"line":70,"column":16},"end":{"line":70,"column":25}},"25":{"start":{"line":71,"column":4},"end":{"line":77,"column":5}},"26":{"start":{"line":73,"column":6},"end":{"line":73,"column":41}},"27":{"start":{"line":76,"column":6},"end":{"line":76,"column":29}},"28":{"start":{"line":86,"column":2},"end":{"line":103,"column":3}},"29":{"start":{"line":88,"column":55},"end":{"line":88,"column":60}},"30":{"start":{"line":89,"column":24},"end":{"line":89,"column":39}},"31":{"start":{"line":91,"column":20},"end":{"line":91,"column":40}},"32":{"start":{"line":93,"column":4},"end":{"line":93,"column":33}},"33":{"start":{"line":95,"column":4},"end":{"line":95,"column":21}},"34":{"start":{"line":99,"column":4},"end":{"line":102,"column":5}},"35":{"start":{"line":101,"column":6},"end":{"line":101,"column":51}},"36":{"start":{"line":108,"column":17},"end":{"line":108,"column":26}},"37":{"start":{"line":108,"column":38},"end":{"line":108,"column":42}},"38":{"start":{"line":109,"column":2},"end":{"line":121,"column":3}},"39":{"start":{"line":112,"column":18},"end":{"line":112,"column":52}},"40":{"start":{"line":113,"column":4},"end":{"line":116,"column":6}},"41":{"start":{"line":119,"column":4},"end":{"line":120,"column":50}},"42":{"start":{"line":120,"column":4},"end":{"line":120,"column":50}},"43":{"start":{"line":122,"column":2},"end":{"line":122,"column":18}},"44":{"start":{"line":131,"column":2},"end":{"line":142,"column":3}},"45":{"start":{"line":132,"column":4},"end":{"line":141,"column":5}},"46":{"start":{"line":133,"column":6},"end":{"line":133,"column":57}},"47":{"start":{"line":134,"column":11},"end":{"line":141,"column":5}},"48":{"start":{"line":135,"column":6},"end":{"line":135,"column":22}},"49":{"start":{"line":136,"column":11},"end":{"line":141,"column":5}},"50":{"start":{"line":137,"column":6},"end":{"line":137,"column":20}},"51":{"start":{"line":140,"column":6},"end":{"line":140,"column":47}},"52":{"start":{"line":152,"column":31},"end":{"line":152,"column":36}},"53":{"start":{"line":153,"column":2},"end":{"line":173,"column":3}},"54":{"start":{"line":156,"column":4},"end":{"line":158,"column":7}},"55":{"start":{"line":157,"column":6},"end":{"line":157,"column":28}},"56":{"start":{"line":159,"column":4},"end":{"line":161,"column":7}},"57":{"start":{"line":160,"column":6},"end":{"line":160,"column":28}},"58":{"start":{"line":162,"column":9},"end":{"line":173,"column":3}},"59":{"start":{"line":164,"column":4},"end":{"line":164,"column":26}},"60":{"start":{"line":165,"column":4},"end":{"line":167,"column":7}},"61":{"start":{"line":166,"column":6},"end":{"line":166,"column":28}},"62":{"start":{"line":168,"column":9},"end":{"line":173,"column":3}},"63":{"start":{"line":169,"column":4},"end":{"line":169,"column":28}},"64":{"start":{"line":170,"column":4},"end":{"line":172,"column":7}},"65":{"start":{"line":171,"column":6},"end":{"line":171,"column":30}},"66":{"start":{"line":180,"column":6},"end":{"line":180,"column":11}},"67":{"start":{"line":181,"column":2},"end":{"line":184,"column":3}},"68":{"start":{"line":182,"column":4},"end":{"line":182,"column":52}},"69":{"start":{"line":183,"column":4},"end":{"line":183,"column":46}},"70":{"start":{"line":192,"column":6},"end":{"line":192,"column":11}},"71":{"start":{"line":193,"column":2},"end":{"line":197,"column":3}},"72":{"start":{"line":194,"column":4},"end":{"line":196,"column":7}},"73":{"start":{"line":195,"column":6},"end":{"line":195,"column":58}},"74":{"start":{"line":207,"column":2},"end":{"line":207,"column":32}},"75":{"start":{"line":207,"column":26},"end":{"line":207,"column":32}},"76":{"start":{"line":210,"column":2},"end":{"line":210,"column":26}},"77":{"start":{"line":213,"column":13},"end":{"line":213,"column":27}},"78":{"start":{"line":214,"column":16},"end":{"line":214,"column":33}},"79":{"start":{"line":216,"column":2},"end":{"line":240,"column":3}},"80":{"start":{"line":217,"column":4},"end":{"line":224,"column":5}},"81":{"start":{"line":219,"column":6},"end":{"line":219,"column":31}},"82":{"start":{"line":220,"column":11},"end":{"line":224,"column":5}},"83":{"start":{"line":226,"column":4},"end":{"line":239,"column":5}},"84":{"start":{"line":228,"column":20},"end":{"line":228,"column":72}},"85":{"start":{"line":230,"column":6},"end":{"line":238,"column":7}},"86":{"start":{"line":231,"column":25},"end":{"line":231,"column":49}},"87":{"start":{"line":232,"column":8},"end":{"line":234,"column":9}},"88":{"start":{"line":233,"column":10},"end":{"line":233,"column":42}},"89":{"start":{"line":249,"column":2},"end":{"line":251,"column":3}},"90":{"start":{"line":254,"column":20},"end":{"line":254,"column":21}},"91":{"start":{"line":256,"column":18},"end":{"line":256,"column":31}},"92":{"start":{"line":258,"column":20},"end":{"line":258,"column":21}},"93":{"start":{"line":260,"column":18},"end":{"line":260,"column":34}},"94":{"start":{"line":262,"column":2},"end":{"line":299,"column":3}},"95":{"start":{"line":264,"column":25},"end":{"line":264,"column":40}},"96":{"start":{"line":266,"column":23},"end":{"line":266,"column":36}},"97":{"start":{"line":268,"column":25},"end":{"line":268,"column":43}},"98":{"start":{"line":270,"column":23},"end":{"line":270,"column":39}},"99":{"start":{"line":271,"column":4},"end":{"line":298,"column":5}},"100":{"start":{"line":273,"column":6},"end":{"line":273,"column":44}},"101":{"start":{"line":275,"column":6},"end":{"line":275,"column":19}},"102":{"start":{"line":276,"column":6},"end":{"line":276,"column":19}},"103":{"start":{"line":277,"column":11},"end":{"line":298,"column":5}},"104":{"start":{"line":278,"column":6},"end":{"line":278,"column":42}},"105":{"start":{"line":280,"column":6},"end":{"line":280,"column":84}},"106":{"start":{"line":282,"column":6},"end":{"line":282,"column":19}},"107":{"start":{"line":283,"column":6},"end":{"line":283,"column":17}},"108":{"start":{"line":284,"column":11},"end":{"line":298,"column":5}},"109":{"start":{"line":285,"column":6},"end":{"line":285,"column":42}},"110":{"start":{"line":287,"column":6},"end":{"line":287,"column":98}},"111":{"start":{"line":289,"column":6},"end":{"line":289,"column":17}},"112":{"start":{"line":290,"column":6},"end":{"line":290,"column":19}},"113":{"start":{"line":291,"column":11},"end":{"line":298,"column":5}},"114":{"start":{"line":292,"column":6},"end":{"line":292,"column":40}},"115":{"start":{"line":294,"column":6},"end":{"line":294,"column":17}},"116":{"start":{"line":295,"column":6},"end":{"line":295,"column":17}},"117":{"start":{"line":301,"column":2},"end":{"line":303,"column":3}},"118":{"start":{"line":304,"column":2},"end":{"line":306,"column":3}},"119":{"start":{"line":314,"column":2},"end":{"line":314,"column":46}}},"fnMap":{"0":{"name":"patch","decl":{"start":{"line":11,"column":24},"end":{"line":11,"column":29}},"loc":{"start":{"line":11,"column":57},"end":{"line":34,"column":1}},"line":11},"1":{"name":"createElm","decl":{"start":{"line":42,"column":9},"end":{"line":42,"column":18}},"loc":{"start":{"line":42,"column":58},"end":{"line":79,"column":1}},"line":42},"2":{"name":"createComponent","decl":{"start":{"line":85,"column":9},"end":{"line":85,"column":24}},"loc":{"start":{"line":85,"column":42},"end":{"line":104,"column":1}},"line":85},"3":{"name":"createTextNode","decl":{"start":{"line":107,"column":9},"end":{"line":107,"column":23}},"loc":{"start":{"line":107,"column":41},"end":{"line":123,"column":1}},"line":107},"4":{"name":"setAttributes","decl":{"start":{"line":129,"column":9},"end":{"line":129,"column":22}},"loc":{"start":{"line":129,"column":46},"end":{"line":143,"column":1}},"line":129},"5":{"name":"setVModel","decl":{"start":{"line":151,"column":9},"end":{"line":151,"column":18}},"loc":{"start":{"line":151,"column":55},"end":{"line":174,"column":1}},"line":151},"6":{"name":"(anonymous_6)","decl":{"start":{"line":156,"column":27},"end":{"line":156,"column":28}},"loc":{"start":{"line":156,"column":33},"end":{"line":158,"column":5}},"line":156},"7":{"name":"(anonymous_7)","decl":{"start":{"line":159,"column":35},"end":{"line":159,"column":36}},"loc":{"start":{"line":159,"column":47},"end":{"line":161,"column":5}},"line":159},"8":{"name":"(anonymous_8)","decl":{"start":{"line":165,"column":34},"end":{"line":165,"column":35}},"loc":{"start":{"line":165,"column":46},"end":{"line":167,"column":5}},"line":165},"9":{"name":"(anonymous_9)","decl":{"start":{"line":170,"column":35},"end":{"line":170,"column":36}},"loc":{"start":{"line":170,"column":47},"end":{"line":172,"column":5}},"line":170},"10":{"name":"setVBind","decl":{"start":{"line":175,"column":9},"end":{"line":175,"column":17}},"loc":{"start":{"line":175,"column":31},"end":{"line":185,"column":1}},"line":175},"11":{"name":"setVOn","decl":{"start":{"line":187,"column":9},"end":{"line":187,"column":15}},"loc":{"start":{"line":187,"column":29},"end":{"line":198,"column":1}},"line":187},"12":{"name":"(anonymous_12)","decl":{"start":{"line":194,"column":36},"end":{"line":194,"column":37}},"loc":{"start":{"line":194,"column":61},"end":{"line":196,"column":5}},"line":194},"13":{"name":"patchVnode","decl":{"start":{"line":205,"column":9},"end":{"line":205,"column":19}},"loc":{"start":{"line":205,"column":50},"end":{"line":241,"column":1}},"line":205},"14":{"name":"updateChildren","decl":{"start":{"line":248,"column":9},"end":{"line":248,"column":23}},"loc":{"start":{"line":248,"column":51},"end":{"line":307,"column":1}},"line":248},"15":{"name":"sameVNode","decl":{"start":{"line":313,"column":9},"end":{"line":313,"column":18}},"loc":{"start":{"line":313,"column":39},"end":{"line":315,"column":1}},"line":313}},"branchMap":{"0":{"loc":{"start":{"line":12,"column":2},"end":{"line":15,"column":3}},"type":"if","locations":[{"start":{"line":12,"column":2},"end":{"line":15,"column":3}},{"start":{},"end":{}}],"line":12},"1":{"loc":{"start":{"line":12,"column":6},"end":{"line":12,"column":24}},"type":"binary-expr","locations":[{"start":{"line":12,"column":6},"end":{"line":12,"column":14}},{"start":{"line":12,"column":18},"end":{"line":12,"column":24}}],"line":12},"2":{"loc":{"start":{"line":16,"column":2},"end":{"line":33,"column":3}},"type":"if","locations":[{"start":{"line":16,"column":2},"end":{"line":33,"column":3}},{"start":{"line":18,"column":9},"end":{"line":33,"column":3}}],"line":16},"3":{"loc":{"start":{"line":20,"column":4},"end":{"line":32,"column":5}},"type":"if","locations":[{"start":{"line":20,"column":4},"end":{"line":32,"column":5}},{"start":{"line":29,"column":11},"end":{"line":32,"column":5}}],"line":20},"4":{"loc":{"start":{"line":46,"column":2},"end":{"line":46,"column":37}},"type":"if","locations":[{"start":{"line":46,"column":2},"end":{"line":46,"column":37}},{"start":{},"end":{}}],"line":46},"5":{"loc":{"start":{"line":51,"column":2},"end":{"line":67,"column":3}},"type":"if","locations":[{"start":{"line":51,"column":2},"end":{"line":67,"column":3}},{"start":{"line":55,"column":9},"end":{"line":67,"column":3}}],"line":51},"6":{"loc":{"start":{"line":62,"column":4},"end":{"line":66,"column":5}},"type":"if","locations":[{"start":{"line":62,"column":4},"end":{"line":66,"column":5}},{"start":{},"end":{}}],"line":62},"7":{"loc":{"start":{"line":69,"column":2},"end":{"line":78,"column":3}},"type":"if","locations":[{"start":{"line":69,"column":2},"end":{"line":78,"column":3}},{"start":{},"end":{}}],"line":69},"8":{"loc":{"start":{"line":71,"column":4},"end":{"line":77,"column":5}},"type":"if","locations":[{"start":{"line":71,"column":4},"end":{"line":77,"column":5}},{"start":{"line":74,"column":9},"end":{"line":77,"column":5}}],"line":71},"9":{"loc":{"start":{"line":86,"column":2},"end":{"line":103,"column":3}},"type":"if","locations":[{"start":{"line":86,"column":2},"end":{"line":103,"column":3}},{"start":{},"end":{}}],"line":86},"10":{"loc":{"start":{"line":86,"column":6},"end":{"line":86,"column":43}},"type":"binary-expr","locations":[{"start":{"line":86,"column":6},"end":{"line":86,"column":15}},{"start":{"line":86,"column":19},"end":{"line":86,"column":43}}],"line":86},"11":{"loc":{"start":{"line":99,"column":4},"end":{"line":102,"column":5}},"type":"if","locations":[{"start":{"line":99,"column":4},"end":{"line":102,"column":5}},{"start":{},"end":{}}],"line":99},"12":{"loc":{"start":{"line":109,"column":2},"end":{"line":121,"column":3}},"type":"if","locations":[{"start":{"line":109,"column":2},"end":{"line":121,"column":3}},{"start":{"line":117,"column":9},"end":{"line":121,"column":3}}],"line":109},"13":{"loc":{"start":{"line":109,"column":7},"end":{"line":109,"column":30}},"type":"binary-expr","locations":[{"start":{"line":109,"column":7},"end":{"line":109,"column":11}},{"start":{"line":109,"column":15},"end":{"line":109,"column":30}}],"line":109},"14":{"loc":{"start":{"line":115,"column":6},"end":{"line":115,"column":63}},"type":"cond-expr","locations":[{"start":{"line":115,"column":34},"end":{"line":115,"column":55}},{"start":{"line":115,"column":58},"end":{"line":115,"column":63}}],"line":115},"15":{"loc":{"start":{"line":119,"column":4},"end":{"line":120,"column":50}},"type":"if","locations":[{"start":{"line":119,"column":4},"end":{"line":120,"column":50}},{"start":{},"end":{}}],"line":119},"16":{"loc":{"start":{"line":119,"column":7},"end":{"line":119,"column":24}},"type":"binary-expr","locations":[{"start":{"line":119,"column":7},"end":{"line":119,"column":11}},{"start":{"line":119,"column":15},"end":{"line":119,"column":24}}],"line":119},"17":{"loc":{"start":{"line":132,"column":4},"end":{"line":141,"column":5}},"type":"if","locations":[{"start":{"line":132,"column":4},"end":{"line":141,"column":5}},{"start":{"line":134,"column":11},"end":{"line":141,"column":5}}],"line":132},"18":{"loc":{"start":{"line":134,"column":11},"end":{"line":141,"column":5}},"type":"if","locations":[{"start":{"line":134,"column":11},"end":{"line":141,"column":5}},{"start":{"line":136,"column":11},"end":{"line":141,"column":5}}],"line":134},"19":{"loc":{"start":{"line":136,"column":11},"end":{"line":141,"column":5}},"type":"if","locations":[{"start":{"line":136,"column":11},"end":{"line":141,"column":5}},{"start":{"line":138,"column":11},"end":{"line":141,"column":5}}],"line":136},"20":{"loc":{"start":{"line":153,"column":2},"end":{"line":173,"column":3}},"type":"if","locations":[{"start":{"line":153,"column":2},"end":{"line":173,"column":3}},{"start":{"line":162,"column":9},"end":{"line":173,"column":3}}],"line":153},"21":{"loc":{"start":{"line":162,"column":9},"end":{"line":173,"column":3}},"type":"if","locations":[{"start":{"line":162,"column":9},"end":{"line":173,"column":3}},{"start":{"line":168,"column":9},"end":{"line":173,"column":3}}],"line":162},"22":{"loc":{"start":{"line":162,"column":13},"end":{"line":162,"column":57}},"type":"binary-expr","locations":[{"start":{"line":162,"column":13},"end":{"line":162,"column":28}},{"start":{"line":162,"column":32},"end":{"line":162,"column":57}}],"line":162},"23":{"loc":{"start":{"line":168,"column":9},"end":{"line":173,"column":3}},"type":"if","locations":[{"start":{"line":168,"column":9},"end":{"line":173,"column":3}},{"start":{},"end":{}}],"line":168},"24":{"loc":{"start":{"line":168,"column":13},"end":{"line":168,"column":61}},"type":"binary-expr","locations":[{"start":{"line":168,"column":13},"end":{"line":168,"column":28}},{"start":{"line":168,"column":32},"end":{"line":168,"column":61}}],"line":168},"25":{"loc":{"start":{"line":207,"column":2},"end":{"line":207,"column":32}},"type":"if","locations":[{"start":{"line":207,"column":2},"end":{"line":207,"column":32}},{"start":{},"end":{}}],"line":207},"26":{"loc":{"start":{"line":216,"column":2},"end":{"line":240,"column":3}},"type":"if","locations":[{"start":{"line":216,"column":2},"end":{"line":240,"column":3}},{"start":{"line":225,"column":9},"end":{"line":240,"column":3}}],"line":216},"27":{"loc":{"start":{"line":217,"column":4},"end":{"line":224,"column":5}},"type":"if","locations":[{"start":{"line":217,"column":4},"end":{"line":224,"column":5}},{"start":{"line":220,"column":11},"end":{"line":224,"column":5}}],"line":217},"28":{"loc":{"start":{"line":217,"column":8},"end":{"line":217,"column":19}},"type":"binary-expr","locations":[{"start":{"line":217,"column":8},"end":{"line":217,"column":10}},{"start":{"line":217,"column":14},"end":{"line":217,"column":19}}],"line":217},"29":{"loc":{"start":{"line":220,"column":11},"end":{"line":224,"column":5}},"type":"if","locations":[{"start":{"line":220,"column":11},"end":{"line":224,"column":5}},{"start":{"line":222,"column":11},"end":{"line":224,"column":5}}],"line":220},"30":{"loc":{"start":{"line":226,"column":4},"end":{"line":239,"column":5}},"type":"if","locations":[{"start":{"line":226,"column":4},"end":{"line":239,"column":5}},{"start":{},"end":{}}],"line":226},"31":{"loc":{"start":{"line":232,"column":8},"end":{"line":234,"column":9}},"type":"if","locations":[{"start":{"line":232,"column":8},"end":{"line":234,"column":9}},{"start":{},"end":{}}],"line":232},"32":{"loc":{"start":{"line":249,"column":2},"end":{"line":251,"column":3}},"type":"if","locations":[{"start":{"line":249,"column":2},"end":{"line":251,"column":3}},{"start":{},"end":{}}],"line":249},"33":{"loc":{"start":{"line":249,"column":5},"end":{"line":249,"column":16}},"type":"binary-expr","locations":[{"start":{"line":249,"column":5},"end":{"line":249,"column":7}},{"start":{"line":249,"column":11},"end":{"line":249,"column":16}}],"line":249},"34":{"loc":{"start":{"line":262,"column":9},"end":{"line":262,"column":61}},"type":"binary-expr","locations":[{"start":{"line":262,"column":9},"end":{"line":262,"column":33}},{"start":{"line":262,"column":37},"end":{"line":262,"column":61}}],"line":262},"35":{"loc":{"start":{"line":271,"column":4},"end":{"line":298,"column":5}},"type":"if","locations":[{"start":{"line":271,"column":4},"end":{"line":298,"column":5}},{"start":{"line":277,"column":11},"end":{"line":298,"column":5}}],"line":271},"36":{"loc":{"start":{"line":277,"column":11},"end":{"line":298,"column":5}},"type":"if","locations":[{"start":{"line":277,"column":11},"end":{"line":298,"column":5}},{"start":{"line":284,"column":11},"end":{"line":298,"column":5}}],"line":277},"37":{"loc":{"start":{"line":284,"column":11},"end":{"line":298,"column":5}},"type":"if","locations":[{"start":{"line":284,"column":11},"end":{"line":298,"column":5}},{"start":{"line":291,"column":11},"end":{"line":298,"column":5}}],"line":284},"38":{"loc":{"start":{"line":291,"column":11},"end":{"line":298,"column":5}},"type":"if","locations":[{"start":{"line":291,"column":11},"end":{"line":298,"column":5}},{"start":{"line":296,"column":11},"end":{"line":298,"column":5}}],"line":291},"39":{"loc":{"start":{"line":301,"column":2},"end":{"line":303,"column":3}},"type":"if","locations":[{"start":{"line":301,"column":2},"end":{"line":303,"column":3}},{"start":{},"end":{}}],"line":301},"40":{"loc":{"start":{"line":304,"column":2},"end":{"line":306,"column":3}},"type":"if","locations":[{"start":{"line":304,"column":2},"end":{"line":306,"column":3}},{"start":{},"end":{}}],"line":304},"41":{"loc":{"start":{"line":314,"column":9},"end":{"line":314,"column":46}},"type":"binary-expr","locations":[{"start":{"line":314,"column":9},"end":{"line":314,"column":25}},{"start":{"line":314,"column":29},"end":{"line":314,"column":46}}],"line":314}},"s":{"0":15,"1":0,"2":15,"3":12,"4":3,"5":0,"6":0,"7":0,"8":0,"9":3,"10":36,"11":36,"12":0,"13":36,"14":36,"15":9,"16":27,"17":27,"18":27,"19":27,"20":27,"21":27,"22":24,"23":36,"24":24,"25":24,"26":0,"27":24,"28":36,"29":2,"30":2,"31":2,"32":2,"33":2,"34":2,"35":2,"36":9,"37":9,"38":9,"39":9,"40":9,"41":0,"42":0,"43":9,"44":27,"45":22,"46":2,"47":20,"48":1,"49":19,"50":2,"51":17,"52":2,"53":2,"54":0,"55":0,"56":0,"57":0,"58":2,"59":1,"60":1,"61":0,"62":1,"63":1,"64":1,"65":0,"66":1,"67":1,"68":1,"69":1,"70":2,"71":2,"72":2,"73":0,"74":8,"75":0,"76":8,"77":8,"78":8,"79":8,"80":6,"81":6,"82":0,"83":2,"84":2,"85":2,"86":2,"87":2,"88":2,"89":6,"90":6,"91":6,"92":6,"93":6,"94":6,"95":5,"96":5,"97":5,"98":5,"99":5,"100":5,"101":5,"102":5,"103":0,"104":0,"105":0,"106":0,"107":0,"108":0,"109":0,"110":0,"111":0,"112":0,"113":0,"114":0,"115":0,"116":0,"117":6,"118":6,"119":5},"f":{"0":15,"1":36,"2":36,"3":9,"4":27,"5":2,"6":0,"7":0,"8":0,"9":0,"10":1,"11":2,"12":0,"13":8,"14":6,"15":5},"b":{"0":[0,15],"1":[15,3],"2":[12,3],"3":[0,3],"4":[0,36],"5":[9,27],"6":[27,0],"7":[24,12],"8":[0,24],"9":[2,34],"10":[36,27],"11":[2,0],"12":[9,0],"13":[9,9],"14":[1,8],"15":[0,0],"16":[0,0],"17":[2,20],"18":[1,19],"19":[2,17],"20":[0,2],"21":[1,1],"22":[2,2],"23":[1,0],"24":[1,1],"25":[0,8],"26":[6,2],"27":[6,0],"28":[6,6],"29":[0,0],"30":[2,0],"31":[2,0],"32":[6,0],"33":[6,6],"34":[11,5],"35":[5,0],"36":[0,0],"37":[0,0],"38":[0,0],"39":[0,6],"40":[0,6],"41":[5,5]},"_coverageSchema":"1a1c01bbd47fc00a2c39e90264f33305004495a9","hash":"b077b62794394197afae19ea7e2c3a94885cc9e6"}
,"C:\\Users\\ZDC\\Desktop\\my-mvvm-master\\my-mvvm-master\\src\\compiler-Vue2\\renderHelper.ts": {"path":"C:\\Users\\ZDC\\Desktop\\my-mvvm-master\\my-mvvm-master\\src\\compiler-Vue2\\renderHelper.ts","statementMap":{"0":{"start":{"line":9,"column":2},"end":{"line":9,"column":27}},"1":{"start":{"line":10,"column":2},"end":{"line":10,"column":28}},"2":{"start":{"line":11,"column":2},"end":{"line":11,"column":24}},"3":{"start":{"line":21,"column":2},"end":{"line":21,"column":47}},"4":{"start":{"line":30,"column":2},"end":{"line":30,"column":47}},"5":{"start":{"line":42,"column":21},"end":{"line":42,"column":43}},"6":{"start":{"line":43,"column":14},"end":{"line":43,"column":18}},"7":{"start":{"line":44,"column":2},"end":{"line":55,"column":3}},"8":{"start":{"line":46,"column":21},"end":{"line":46,"column":31}},"9":{"start":{"line":47,"column":21},"end":{"line":47,"column":53}},"10":{"start":{"line":50,"column":4},"end":{"line":50,"column":64}},"11":{"start":{"line":51,"column":4},"end":{"line":51,"column":45}},"12":{"start":{"line":54,"column":4},"end":{"line":54,"column":36}},"13":{"start":{"line":58,"column":2},"end":{"line":58,"column":44}},"14":{"start":{"line":58,"column":29},"end":{"line":58,"column":44}},"15":{"start":{"line":59,"column":2},"end":{"line":59,"column":51}},"16":{"start":{"line":70,"column":16},"end":{"line":70,"column":18}},"17":{"start":{"line":71,"column":2},"end":{"line":98,"column":3}},"18":{"start":{"line":71,"column":15},"end":{"line":71,"column":16}},"19":{"start":{"line":71,"column":24},"end":{"line":71,"column":37}},"20":{"start":{"line":72,"column":42},"end":{"line":72,"column":51}},"21":{"start":{"line":73,"column":4},"end":{"line":97,"column":5}},"22":{"start":{"line":74,"column":6},"end":{"line":94,"column":7}},"23":{"start":{"line":76,"column":24},"end":{"line":86,"column":9}},"24":{"start":{"line":87,"column":8},"end":{"line":90,"column":9}},"25":{"start":{"line":89,"column":10},"end":{"line":89,"column":47}},"26":{"start":{"line":91,"column":8},"end":{"line":91,"column":52}},"27":{"start":{"line":93,"column":8},"end":{"line":93,"column":49}},"28":{"start":{"line":96,"column":6},"end":{"line":96,"column":75}},"29":{"start":{"line":99,"column":2},"end":{"line":99,"column":14}}},"fnMap":{"0":{"name":"renderHelper","decl":{"start":{"line":8,"column":24},"end":{"line":8,"column":36}},"loc":{"start":{"line":8,"column":49},"end":{"line":12,"column":1}},"line":8},"1":{"name":"createElement","decl":{"start":{"line":20,"column":9},"end":{"line":20,"column":22}},"loc":{"start":{"line":20,"column":59},"end":{"line":22,"column":1}},"line":20},"2":{"name":"createTextNode","decl":{"start":{"line":29,"column":9},"end":{"line":29,"column":23}},"loc":{"start":{"line":29,"column":37},"end":{"line":31,"column":1}},"line":29},"3":{"name":"renderSlot","decl":{"start":{"line":40,"column":9},"end":{"line":40,"column":19}},"loc":{"start":{"line":40,"column":45},"end":{"line":60,"column":1}},"line":40},"4":{"name":"genVNode","decl":{"start":{"line":69,"column":9},"end":{"line":69,"column":17}},"loc":{"start":{"line":69,"column":42},"end":{"line":100,"column":1}},"line":69}},"branchMap":{"0":{"loc":{"start":{"line":44,"column":2},"end":{"line":55,"column":3}},"type":"if","locations":[{"start":{"line":44,"column":2},"end":{"line":55,"column":3}},{"start":{"line":52,"column":9},"end":{"line":55,"column":3}}],"line":44},"1":{"loc":{"start":{"line":58,"column":2},"end":{"line":58,"column":44}},"type":"if","locations":[{"start":{"line":58,"column":2},"end":{"line":58,"column":44}},{"start":{},"end":{}}],"line":58},"2":{"loc":{"start":{"line":73,"column":4},"end":{"line":97,"column":5}},"type":"if","locations":[{"start":{"line":73,"column":4},"end":{"line":97,"column":5}},{"start":{"line":95,"column":11},"end":{"line":97,"column":5}}],"line":73},"3":{"loc":{"start":{"line":74,"column":6},"end":{"line":94,"column":7}},"type":"if","locations":[{"start":{"line":74,"column":6},"end":{"line":94,"column":7}},{"start":{"line":92,"column":13},"end":{"line":94,"column":7}}],"line":74},"4":{"loc":{"start":{"line":87,"column":8},"end":{"line":90,"column":9}},"type":"if","locations":[{"start":{"line":87,"column":8},"end":{"line":90,"column":9}},{"start":{},"end":{}}],"line":87}},"s":{"0":12,"1":12,"2":12,"3":33,"4":12,"5":1,"6":1,"7":1,"8":0,"9":0,"10":0,"11":0,"12":1,"13":1,"14":1,"15":0,"16":1,"17":1,"18":1,"19":1,"20":1,"21":1,"22":1,"23":0,"24":0,"25":0,"26":0,"27":1,"28":0,"29":1},"f":{"0":12,"1":33,"2":12,"3":1,"4":1},"b":{"0":[0,1],"1":[1,0],"2":[1,0],"3":[0,1],"4":[0,0]},"_coverageSchema":"1a1c01bbd47fc00a2c39e90264f33305004495a9","hash":"f553ffe348046857165aaf823c43fd94f55e978b"}
,"C:\\Users\\ZDC\\Desktop\\my-mvvm-master\\my-mvvm-master\\src\\compiler-Vue2\\vnode.ts": {"path":"C:\\Users\\ZDC\\Desktop\\my-mvvm-master\\my-mvvm-master\\src\\compiler-Vue2\\vnode.ts","statementMap":{"0":{"start":{"line":13,"column":2},"end":{"line":28,"column":3}}},"fnMap":{"0":{"name":"VNode","decl":{"start":{"line":12,"column":24},"end":{"line":12,"column":29}},"loc":{"start":{"line":12,"column":91},"end":{"line":29,"column":1}},"line":12}},"branchMap":{},"s":{"0":45},"f":{"0":45},"b":{},"_coverageSchema":"1a1c01bbd47fc00a2c39e90264f33305004495a9","hash":"353681979098eb833d8ebda31ad65d6e4be00f0a"}
}
