TN:
SF:src\asyncUpdateQueue.ts
FN:22,queueWatcher
FN:55,flushSchedulerQueue
FN:59,(anonymous_2)
FN:76,nextTick
FN:89,flushCallbacks
FNF:5
FNH:4
FNDA:3,queueWatcher
FNDA:3,flushSchedulerQueue
FNDA:0,(anonymous_2)
FNDA:3,nextTick
FNDA:3,flushCallbacks
DA:7,1
DA:10,1
DA:12,1
DA:14,1
DA:16,1
DA:23,3
DA:24,3
DA:25,3
DA:28,0
DA:30,0
DA:31,0
DA:33,0
DA:34,0
DA:35,0
DA:38,0
DA:40,0
DA:43,3
DA:46,3
DA:47,3
DA:57,3
DA:59,3
DA:61,3
DA:63,3
DA:65,3
DA:68,3
DA:77,3
DA:78,3
DA:80,3
DA:82,3
DA:92,3
DA:93,3
DA:95,3
DA:97,3
LF:33
LH:25
BRDA:23,0,0,3
BRDA:23,0,1,0
BRDA:24,1,0,3
BRDA:24,1,1,0
BRDA:31,2,0,0
BRDA:31,2,1,0
BRDA:38,3,0,0
BRDA:38,3,1,0
BRDA:43,4,0,3
BRDA:43,4,1,0
BRDA:78,5,0,3
BRDA:78,5,1,0
BRF:12
BRH:4
end_of_record
TN:
SF:src\defineReactive.ts
FN:6,defineReactive
FN:14,(anonymous_1)
FN:26,(anonymous_2)
FNF:3
FNH:3
FNDA:12,defineReactive
FNDA:15,(anonymous_1)
FNDA:2,(anonymous_2)
DA:8,12
DA:10,12
DA:12,12
DA:15,15
DA:16,14
DA:18,14
DA:19,2
DA:22,15
DA:23,15
DA:27,2
DA:28,2
DA:29,2
DA:31,2
DA:32,2
LF:14
LH:14
BRDA:15,0,0,14
BRDA:15,0,1,1
BRDA:18,1,0,2
BRDA:18,1,1,12
BRDA:28,2,0,0
BRDA:28,2,1,2
BRF:6
BRH:5
end_of_record
TN:
SF:src\dep.ts
FN:21,(anonymous_0)
FN:27,(anonymous_1)
FN:34,(anonymous_2)
FN:53,pushTarget
FN:61,popTarget
FNF:5
FNH:5
FNDA:25,(anonymous_0)
FNDA:16,(anonymous_1)
FNDA:3,(anonymous_2)
FNDA:17,pushTarget
FNDA:17,popTarget
DA:23,25
DA:27,25
DA:29,16
DA:31,13
DA:34,25
DA:35,3
DA:36,3
DA:47,1
DA:55,17
DA:56,17
DA:62,17
DA:63,17
LF:12
LH:12
BRDA:29,0,0,3
BRDA:29,0,1,13
BRF:2
BRH:2
end_of_record
TN:
SF:src\initComputed.ts
FN:9,initComputed
FN:28,defineComputed
FN:32,(anonymous_2)
FNF:3
FNH:3
FNDA:12,initComputed
FNDA:2,defineComputed
FNDA:2,(anonymous_2)
DA:11,12
DA:13,12
DA:15,12
DA:17,2
DA:19,2
DA:30,2
DA:33,2
DA:34,2
DA:36,2
DA:38,2
DA:42,2
LF:11
LH:11
BRDA:34,0,0,2
BRDA:34,0,1,0
BRF:2
BRH:1
end_of_record
TN:
SF:src\initData.ts
FN:11,initData
FNF:1
FNH:1
FNDA:12,initData
DA:13,12
DA:15,12
DA:16,0
DA:18,12
DA:21,12
DA:22,12
DA:25,12
LF:7
LH:6
BRDA:15,0,0,0
BRDA:15,0,1,12
BRDA:18,1,0,12
BRDA:18,1,1,0
BRF:4
BRH:2
end_of_record
TN:
SF:src\myMVVM.ts
FN:18,(anonymous_0)
FN:26,(anonymous_1)
FN:47,(anonymous_2)
FN:51,(anonymous_3)
FN:66,(anonymous_4)
FNF:5
FNH:5
FNDA:12,(anonymous_0)
FNDA:12,(anonymous_1)
FNDA:15,(anonymous_2)
FNDA:15,(anonymous_3)
FNDA:12,(anonymous_4)
DA:19,12
DA:28,12
DA:30,12
DA:34,12
DA:37,12
DA:39,12
DA:41,12
DA:42,10
DA:48,15
DA:53,15
DA:55,15
DA:57,15
DA:58,12
DA:61,3
DA:67,12
LF:15
LH:15
BRDA:41,0,0,10
BRDA:41,0,1,2
BRDA:57,1,0,12
BRDA:57,1,1,3
BRF:4
BRH:4
end_of_record
TN:
SF:src\observe.ts
FN:7,observe
FNF:1
FNH:1
FNDA:30,observe
DA:10,30
DA:13,13
DA:14,13
DA:16,13
LF:4
LH:4
BRDA:10,0,0,17
BRDA:10,0,1,13
BRDA:13,1,0,0
BRDA:13,1,1,13
BRF:4
BRH:3
end_of_record
TN:
SF:src\observer.ts
FN:12,(anonymous_0)
FN:44,(anonymous_1)
FNF:2
FNH:2
FNDA:13,(anonymous_0)
FNDA:2,(anonymous_1)
DA:13,13
DA:14,13
DA:15,13
DA:26,13
DA:28,1
DA:33,1
DA:36,12
DA:38,12
DA:44,13
DA:45,2
DA:46,4
LF:11
LH:11
BRDA:26,0,0,1
BRDA:26,0,1,12
BRF:2
BRH:2
end_of_record
TN:
SF:src\protoArgument.ts
FN:14,(anonymous_0)
FN:17,(anonymous_1)
FN:48,protoArgument
FNF:3
FNH:3
FNDA:7,(anonymous_0)
FNDA:1,(anonymous_1)
FNDA:1,protoArgument
DA:6,1
DA:8,1
DA:11,1
DA:14,1
DA:16,7
DA:19,1
DA:20,1
DA:22,1
DA:24,1
DA:27,1
DA:28,1
DA:31,0
DA:32,0
DA:34,1
DA:35,1
DA:36,1
DA:49,1
LF:17
LH:15
BRDA:24,0,0,1
BRDA:24,0,1,1
BRDA:24,0,2,0
BRDA:34,1,0,1
BRDA:34,1,1,0
BRF:5
BRH:3
end_of_record
TN:
SF:src\proxy.ts
FN:8,proxy
FN:11,(anonymous_1)
FN:15,(anonymous_2)
FNF:3
FNH:2
FNDA:12,proxy
FNDA:14,(anonymous_1)
FNDA:0,(anonymous_2)
DA:9,12
DA:12,14
DA:16,0
LF:3
LH:2
BRF:0
BRH:0
end_of_record
TN:
SF:src\utils.ts
FN:4,isUnaryTag
FN:13,isReserveTag
FNF:2
FNH:2
FNDA:28,isUnaryTag
FNDA:27,isReserveTag
DA:6,28
DA:7,28
DA:14,27
DA:25,27
LF:4
LH:4
BRF:0
BRH:0
end_of_record
TN:
SF:src\watcher.ts
FN:18,(anonymous_0)
FN:41,(anonymous_1)
FN:57,(anonymous_2)
FN:65,(anonymous_3)
FN:74,(anonymous_4)
FNF:5
FNH:5
FNDA:14,(anonymous_0)
FNDA:3,(anonymous_1)
FNDA:17,(anonymous_2)
FNDA:2,(anonymous_3)
FNDA:3,(anonymous_4)
DA:5,1
DA:20,14
DA:21,14
DA:22,14
DA:24,14
DA:26,14
DA:28,14
DA:30,14
DA:41,14
DA:42,3
DA:44,0
DA:47,3
DA:57,14
DA:58,17
DA:59,17
DA:60,17
DA:65,14
DA:67,2
DA:69,2
DA:74,14
DA:75,3
LF:21
LH:20
BRDA:18,0,0,12
BRDA:30,1,0,14
BRDA:30,1,1,12
BRDA:42,2,0,0
BRDA:42,2,1,3
BRF:5
BRH:4
end_of_record
TN:
SF:src\compiler-Vue2\compileToFunction.ts
FN:20,compileToFunction
FNF:1
FNH:1
FNDA:12,compileToFunction
DA:22,12
DA:24,12
DA:25,12
LF:3
LH:3
BRF:0
BRH:0
end_of_record
TN:
SF:src\compiler-Vue2\generate.ts
FN:9,generate
FN:21,genElement
FN:43,genChildren
FNF:3
FNH:3
FNDA:12,generate
FNDA:28,genElement
FNDA:28,genChildren
DA:11,12
DA:13,12
DA:22,28
DA:26,28
DA:29,28
DA:30,28
DA:32,1
DA:35,27
DA:44,28
DA:46,28
DA:47,28
DA:48,25
DA:49,25
DA:51,9
DA:52,16
DA:54,16
DA:58,28
LF:17
LH:17
BRDA:30,0,0,1
BRDA:30,0,1,27
BRDA:46,1,0,28
BRDA:46,1,1,0
BRDA:49,2,0,9
BRDA:49,2,1,16
BRDA:52,3,0,16
BRDA:52,3,1,0
BRF:8
BRH:6
end_of_record
TN:
SF:src\compiler-Vue2\index.ts
FN:7,mount
FNF:1
FNH:1
FNDA:12,mount
DA:8,12
DA:10,12
DA:11,12
DA:13,2
DA:14,10
DA:17,10
DA:18,10
DA:21,0
DA:23,0
DA:28,12
DA:30,12
DA:33,12
LF:12
LH:10
BRDA:8,0,0,12
BRDA:8,0,1,0
BRDA:11,1,0,2
BRDA:11,1,1,10
BRDA:14,2,0,10
BRDA:14,2,1,0
BRDA:17,3,0,10
BRDA:17,3,1,0
BRF:8
BRH:5
end_of_record
TN:
SF:src\compiler-Vue2\mountComponent.ts
FN:6,mountComponent
FN:8,(anonymous_1)
FNF:2
FNH:2
FNDA:12,mountComponent
FNDA:15,(anonymous_1)
DA:8,12
DA:9,15
DA:12,12
LF:3
LH:3
BRF:0
BRH:0
end_of_record
TN:
SF:src\compiler-Vue2\parse.ts
FN:9,parse
FN:54,parseStartTag
FN:100,parseAttrs
FN:115,generateAST
FN:132,parseEnd
FN:149,processElement
FN:163,(anonymous_6)
FN:166,(anonymous_7)
FN:188,(anonymous_8)
FN:209,processChars
FN:232,processVModel
FN:260,processVBind
FN:270,processVOn
FN:284,processSlotContent
FNF:14
FNH:13
FNDA:12,parse
FNDA:28,parseStartTag
FNDA:28,parseAttrs
FNDA:28,generateAST
FNDA:26,parseEnd
FNDA:28,processElement
FNDA:15,(anonymous_6)
FNDA:12,(anonymous_7)
FNDA:0,(anonymous_8)
FNDA:14,processChars
FNDA:2,processVModel
FNDA:2,processVBind
FNDA:2,processVOn
FNDA:28,processSlotContent
DA:11,12
DA:13,12
DA:15,12
DA:16,12
DA:18,70
DA:20,0
DA:21,0
DA:24,70
DA:25,70
DA:26,54
DA:28,26
DA:31,28
DA:33,16
DA:35,16
DA:37,16
DA:39,14
DA:42,16
DA:47,12
DA:56,28
DA:58,28
DA:60,28
DA:62,28
DA:64,28
DA:65,28
DA:67,12
DA:69,12
DA:72,16
DA:74,16
DA:77,28
DA:79,28
DA:81,28
DA:83,28
DA:84,12
DA:87,28
DA:90,28
DA:91,2
DA:101,28
DA:102,28
DA:103,19
DA:104,19
DA:106,28
DA:116,28
DA:134,26
DA:136,26
DA:151,28
DA:152,28
DA:154,28
DA:156,28
DA:158,28
DA:160,28
DA:162,2
DA:163,26
DA:165,2
DA:166,24
DA:168,2
DA:172,28
DA:175,28
DA:176,16
DA:177,16
DA:181,16
DA:182,0
DA:185,0
DA:190,0
DA:191,0
DA:194,0
DA:195,0
DA:197,0
DA:211,14
DA:213,9
DA:218,9
DA:220,9
DA:223,9
DA:233,2
DA:234,2
DA:236,2
DA:237,2
DA:239,1
DA:240,1
DA:242,1
DA:244,0
DA:246,0
DA:247,0
DA:249,0
DA:261,2
DA:271,2
DA:286,28
DA:288,0
DA:290,0
DA:291,0
DA:294,0
DA:296,0
DA:298,0
LF:92
LH:73
BRDA:18,0,0,0
BRDA:18,0,1,70
BRDA:25,1,0,54
BRDA:25,1,1,16
BRDA:26,2,0,26
BRDA:26,2,1,28
BRDA:33,3,0,16
BRDA:33,3,1,0
BRDA:37,4,0,14
BRDA:37,4,1,2
BRDA:65,5,0,12
BRDA:65,5,1,16
BRDA:77,6,0,16
BRDA:77,6,1,12
BRDA:83,7,0,12
BRDA:83,7,1,16
BRDA:90,8,0,2
BRDA:90,8,1,26
BRDA:160,9,0,2
BRDA:160,9,1,26
BRDA:163,10,0,2
BRDA:163,10,1,24
BRDA:166,11,0,2
BRDA:166,11,1,22
BRDA:175,12,0,16
BRDA:175,12,1,12
BRDA:181,13,0,0
BRDA:181,13,1,16
BRDA:194,14,0,0
BRDA:194,14,1,0
BRDA:211,15,0,5
BRDA:211,15,1,9
BRDA:218,16,0,9
BRDA:218,16,1,0
BRDA:236,17,0,2
BRDA:236,17,1,0
BRDA:237,18,0,1
BRDA:237,18,1,1
BRDA:240,19,0,1
BRDA:240,19,1,0
BRDA:244,20,0,0
BRDA:244,20,1,0
BRDA:247,21,0,0
BRDA:247,21,1,0
BRDA:286,22,0,0
BRDA:286,22,1,28
BRDA:291,23,0,0
BRDA:291,23,1,0
BRF:48
BRH:33
end_of_record
TN:
SF:src\compiler-Vue2\patch.ts
FN:11,patch
FN:42,createElm
FN:85,createComponent
FN:107,createTextNode
FN:129,setAttributes
FN:151,setVModel
FN:156,(anonymous_6)
FN:159,(anonymous_7)
FN:165,(anonymous_8)
FN:170,(anonymous_9)
FN:175,setVBind
FN:187,setVOn
FN:194,(anonymous_12)
FN:205,patchVnode
FN:248,updateChildren
FN:313,sameVNode
FNF:16
FNH:11
FNDA:15,patch
FNDA:36,createElm
FNDA:36,createComponent
FNDA:9,createTextNode
FNDA:27,setAttributes
FNDA:2,setVModel
FNDA:0,(anonymous_6)
FNDA:0,(anonymous_7)
FNDA:0,(anonymous_8)
FNDA:0,(anonymous_9)
FNDA:1,setVBind
FNDA:2,setVOn
FNDA:0,(anonymous_12)
FNDA:8,patchVnode
FNDA:6,updateChildren
FNDA:5,sameVNode
DA:12,15
DA:14,0
DA:16,15
DA:17,12
DA:20,3
DA:22,0
DA:24,0
DA:26,0
DA:28,0
DA:31,3
DA:44,36
DA:46,36
DA:49,36
DA:51,36
DA:54,9
DA:58,27
DA:60,27
DA:62,27
DA:63,27
DA:64,24
DA:69,36
DA:70,24
DA:71,24
DA:73,0
DA:76,24
DA:86,36
DA:88,2
DA:89,2
DA:91,2
DA:93,2
DA:95,2
DA:99,2
DA:101,2
DA:108,9
DA:109,9
DA:112,9
DA:113,9
DA:119,0
DA:120,0
DA:122,9
DA:131,27
DA:132,22
DA:133,2
DA:134,20
DA:135,1
DA:136,19
DA:137,2
DA:140,17
DA:152,2
DA:153,2
DA:156,0
DA:157,0
DA:159,0
DA:160,0
DA:162,2
DA:164,1
DA:165,1
DA:166,0
DA:168,1
DA:169,1
DA:170,1
DA:171,0
DA:180,1
DA:181,1
DA:182,1
DA:183,1
DA:192,2
DA:193,2
DA:194,2
DA:195,0
DA:207,8
DA:210,8
DA:213,8
DA:214,8
DA:216,8
DA:217,6
DA:219,6
DA:220,0
DA:226,2
DA:228,2
DA:230,2
DA:231,2
DA:232,2
DA:233,2
DA:249,6
DA:254,6
DA:256,6
DA:258,6
DA:260,6
DA:262,6
DA:264,5
DA:266,5
DA:268,5
DA:270,5
DA:271,5
DA:273,5
DA:275,5
DA:276,5
DA:277,0
DA:278,0
DA:280,0
DA:282,0
DA:283,0
DA:284,0
DA:285,0
DA:287,0
DA:289,0
DA:290,0
DA:291,0
DA:292,0
DA:294,0
DA:295,0
DA:301,6
DA:304,6
DA:314,5
LF:115
LH:85
BRDA:12,0,0,0
BRDA:12,0,1,15
BRDA:12,1,0,15
BRDA:12,1,1,3
BRDA:16,2,0,12
BRDA:16,2,1,3
BRDA:20,3,0,0
BRDA:20,3,1,3
BRDA:46,4,0,0
BRDA:46,4,1,36
BRDA:51,5,0,9
BRDA:51,5,1,27
BRDA:62,6,0,27
BRDA:62,6,1,0
BRDA:69,7,0,24
BRDA:69,7,1,12
BRDA:71,8,0,0
BRDA:71,8,1,24
BRDA:86,9,0,2
BRDA:86,9,1,34
BRDA:86,10,0,36
BRDA:86,10,1,27
BRDA:99,11,0,2
BRDA:99,11,1,0
BRDA:109,12,0,9
BRDA:109,12,1,0
BRDA:109,13,0,9
BRDA:109,13,1,9
BRDA:115,14,0,1
BRDA:115,14,1,8
BRDA:119,15,0,0
BRDA:119,15,1,0
BRDA:119,16,0,0
BRDA:119,16,1,0
BRDA:132,17,0,2
BRDA:132,17,1,20
BRDA:134,18,0,1
BRDA:134,18,1,19
BRDA:136,19,0,2
BRDA:136,19,1,17
BRDA:153,20,0,0
BRDA:153,20,1,2
BRDA:162,21,0,1
BRDA:162,21,1,1
BRDA:162,22,0,2
BRDA:162,22,1,2
BRDA:168,23,0,1
BRDA:168,23,1,0
BRDA:168,24,0,1
BRDA:168,24,1,1
BRDA:207,25,0,0
BRDA:207,25,1,8
BRDA:216,26,0,6
BRDA:216,26,1,2
BRDA:217,27,0,6
BRDA:217,27,1,0
BRDA:217,28,0,6
BRDA:217,28,1,6
BRDA:220,29,0,0
BRDA:220,29,1,0
BRDA:226,30,0,2
BRDA:226,30,1,0
BRDA:232,31,0,2
BRDA:232,31,1,0
BRDA:249,32,0,6
BRDA:249,32,1,0
BRDA:249,33,0,6
BRDA:249,33,1,6
BRDA:262,34,0,11
BRDA:262,34,1,5
BRDA:271,35,0,5
BRDA:271,35,1,0
BRDA:277,36,0,0
BRDA:277,36,1,0
BRDA:284,37,0,0
BRDA:284,37,1,0
BRDA:291,38,0,0
BRDA:291,38,1,0
BRDA:301,39,0,0
BRDA:301,39,1,6
BRDA:304,40,0,0
BRDA:304,40,1,6
BRDA:314,41,0,5
BRDA:314,41,1,5
BRF:84
BRH:55
end_of_record
TN:
SF:src\compiler-Vue2\renderHelper.ts
FN:8,renderHelper
FN:20,createElement
FN:29,createTextNode
FN:40,renderSlot
FN:69,genVNode
FNF:5
FNH:5
FNDA:12,renderHelper
FNDA:33,createElement
FNDA:12,createTextNode
FNDA:1,renderSlot
FNDA:1,genVNode
DA:9,12
DA:10,12
DA:11,12
DA:21,33
DA:30,12
DA:42,1
DA:43,1
DA:44,1
DA:46,0
DA:47,0
DA:50,0
DA:51,0
DA:54,1
DA:58,1
DA:59,0
DA:70,1
DA:71,1
DA:72,1
DA:73,1
DA:74,1
DA:76,0
DA:87,0
DA:89,0
DA:91,0
DA:93,1
DA:96,0
DA:99,1
LF:27
LH:17
BRDA:44,0,0,0
BRDA:44,0,1,1
BRDA:58,1,0,1
BRDA:58,1,1,0
BRDA:73,2,0,1
BRDA:73,2,1,0
BRDA:74,3,0,0
BRDA:74,3,1,1
BRDA:87,4,0,0
BRDA:87,4,1,0
BRF:10
BRH:4
end_of_record
TN:
SF:src\compiler-Vue2\vnode.ts
FN:12,VNode
FNF:1
FNH:1
FNDA:45,VNode
DA:13,45
LF:1
LH:1
BRF:0
BRH:0
end_of_record
